{"logTime": "0503/185748", "correlationVector":"86P40NbKh4+AS+7eAGheal.2","action":"GetUpdates Response", "result":"SERVER_MORE_TO_DOWNLOAD", "context":Received 250 update(s).  Some updates remain.}
{"logTime": "0503/185748", "correlationVector":"dL3UD4FGwllCleUdWKqngb","action":"Normal GetUpdate request", "result":"", "context":cV=dL3UD4FGwllCleUdWKqngb
Nudged types: User Consents
Refresh requested types: Bookmarks, Preferences, Passwords, Autofill Profiles, Autofill, Autofill Custom Data, Typed URLs, Extensions, Sessions, Extension settings, History Delete Directives, Device Info, User Consents, Send Tab To Self, Web Apps, Collection, Edge E Drop, Encryption Keys}
{"logTime": "0503/185749", "correlationVector":"dL3UD4FGwllCleUdWKqngb.1","action":"SyncServerConnectionManagerRequest", "result":"SYNC_SERVER_OK", "context":{"environment":"Prod_SoutheastAsia_000j", "migrationStage":"NotStarted", "server":"GENERAL01000015"}}
{"logTime": "0503/185749", "correlationVector":"dL3UD4FGwllCleUdWKqngb.2","action":"GetUpdates Response", "result":"SERVER_MORE_TO_DOWNLOAD", "context":Received 250 update(s).  Some updates remain.}
{"logTime": "0503/185749", "correlationVector":"i1aYZ9BOdXl7CPMAOzoCCh","action":"Normal GetUpdate request", "result":"", "context":cV=i1aYZ9BOdXl7CPMAOzoCCh
Nudged types: User Consents
Refresh requested types: Bookmarks, Preferences, Passwords, Autofill Profiles, Autofill, Autofill Custom Data, Typed URLs, Extensions, Sessions, Extension settings, History Delete Directives, Device Info, User Consents, Send Tab To Self, Web Apps, Collection, Edge E Drop, Encryption Keys}
{"logTime": "0503/185749", "correlationVector":"i1aYZ9BOdXl7CPMAOzoCCh.1","action":"SyncServerConnectionManagerRequest", "result":"SYNC_SERVER_OK", "context":{"environment":"Prod_SoutheastAsia_000j", "migrationStage":"NotStarted", "server":"GENERAL01000004"}}
{"logTime": "0503/185749", "correlationVector":"i1aYZ9BOdXl7CPMAOzoCCh.2","action":"GetUpdates", "result":"DeleteReceived", "context":{"id":"f1a324fc-021d-420b-aa0d-8d99f9caf341", "isDeleted:":"true", "version":"1680639965107"}}
{"logTime": "0503/185749", "correlationVector":"i1aYZ9BOdXl7CPMAOzoCCh.3","action":"GetUpdates", "result":"DeleteReceived", "context":{"id":"2de29ce5-d5e6-4176-b908-2b63034e11a8", "isDeleted:":"true", "version":"1680639968769"}}
{"logTime": "0503/185749", "correlationVector":"i1aYZ9BOdXl7CPMAOzoCCh.4","action":"GetUpdates", "result":"DeleteReceived", "context":{"id":"492cab3a-dc13-4b2b-a2be-3c81c2110cca", "isDeleted:":"true", "version":"1679851927514"}}
{"logTime": "0503/185749", "correlationVector":"i1aYZ9BOdXl7CPMAOzoCCh.5","action":"GetUpdates", "result":"DeleteReceived", "context":{"id":"00487b46-68ae-485a-aadf-ef507bb38d8f", "isDeleted:":"true", "version":"1679851927516"}}
{"logTime": "0503/185749", "correlationVector":"i1aYZ9BOdXl7CPMAOzoCCh.6","action":"GetUpdates", "result":"DeleteReceived", "context":{"id":"ea7cf06d-031c-4cbc-b1cd-81d7512406b4", "isDeleted:":"true", "version":"1679852138440"}}
{"logTime": "0503/185749", "correlationVector":"i1aYZ9BOdXl7CPMAOzoCCh.7","action":"GetUpdates", "result":"DeleteReceived", "context":{"id":"b530cabf-4d0e-4a41-b8ad-604879c892f6", "isDeleted:":"true", "version":"1679852200932"}}
{"logTime": "0503/185749", "correlationVector":"i1aYZ9BOdXl7CPMAOzoCCh.8","action":"GetUpdates", "result":"DeleteReceived", "context":{"id":"09a988ee-b474-4e84-bdfc-8af40157b4c4", "isDeleted:":"true", "version":"1679859906098"}}
{"logTime": "0503/185749", "correlationVector":"i1aYZ9BOdXl7CPMAOzoCCh.9","action":"GetUpdates", "result":"DeleteReceived", "context":{"id":"7069eb9a-2028-4861-a7b4-b45c09209d26", "isDeleted:":"true", "version":"1679941177153"}}
{"logTime": "0503/185749", "correlationVector":"i1aYZ9BOdXl7CPMAOzoCCh.10","action":"GetUpdates", "result":"DeleteReceived", "context":{"id":"fba37b22-aed1-464f-9e7d-8fce7eb397a3", "isDeleted:":"true", "version":"1679941177155"}}
{"logTime": "0503/185749", "correlationVector":"i1aYZ9BOdXl7CPMAOzoCCh.11","action":"GetUpdates", "result":"DeleteReceived", "context":{"id":"a552f141-b522-4165-a9b0-0955a99d5421", "isDeleted:":"true", "version":"1680032277956"}}
{"logTime": "0503/185749", "correlationVector":"i1aYZ9BOdXl7CPMAOzoCCh.12","action":"GetUpdates", "result":"DeleteReceived", "context":{"id":"ffc0a286-899a-4d9f-920e-328339c53883", "isDeleted:":"true", "version":"1680032277958"}}
{"logTime": "0503/185749", "correlationVector":"i1aYZ9BOdXl7CPMAOzoCCh.13","action":"GetUpdates", "result":"DeleteReceived", "context":{"id":"a1acd6b9-72de-41cd-a7d7-af4cc5e9166f", "isDeleted:":"true", "version":"1680164458112"}}
{"logTime": "0503/185749", "correlationVector":"i1aYZ9BOdXl7CPMAOzoCCh.14","action":"GetUpdates", "result":"DeleteReceived", "context":{"id":"dbc8878f-7d27-4e52-a6b9-d9785c7cdcc7", "isDeleted:":"true", "version":"1680185871780"}}
{"logTime": "0503/185749", "correlationVector":"i1aYZ9BOdXl7CPMAOzoCCh.15","action":"GetUpdates", "result":"DeleteReceived", "context":{"id":"6cda42ac-6060-4fd9-99be-69ba5ea200c5", "isDeleted:":"true", "version":"1680202407886"}}
{"logTime": "0503/185749", "correlationVector":"i1aYZ9BOdXl7CPMAOzoCCh.16","action":"GetUpdates", "result":"DeleteReceived", "context":{"id":"c8abc451-f420-4ba8-9b79-a7efd97f3065", "isDeleted:":"true", "version":"1680238578173"}}
{"logTime": "0503/185749", "correlationVector":"i1aYZ9BOdXl7CPMAOzoCCh.17","action":"GetUpdates", "result":"DeleteReceived", "context":{"id":"9cf9e906-5ed6-4b35-870b-cf1e1401df7b", "isDeleted:":"true", "version":"1680238578175"}}
{"logTime": "0503/185749", "correlationVector":"i1aYZ9BOdXl7CPMAOzoCCh.18","action":"GetUpdates", "result":"DeleteReceived", "context":{"id":"0da76937-bca1-4c0b-ab17-80ca4eb59b38", "isDeleted:":"true", "version":"1680240982557"}}
{"logTime": "0503/185749", "correlationVector":"i1aYZ9BOdXl7CPMAOzoCCh.19","action":"GetUpdates", "result":"DeleteReceived", "context":{"id":"0e9bca06-372f-4d49-98be-bc9df59bed9f", "isDeleted:":"true", "version":"1680287149831"}}
{"logTime": "0503/185749", "correlationVector":"i1aYZ9BOdXl7CPMAOzoCCh.20","action":"GetUpdates", "result":"DeleteReceived", "context":{"id":"28b0a782-d09c-4a32-a23c-b6d13a61c501", "isDeleted:":"true", "version":"1680287149832"}}
{"logTime": "0503/185749", "correlationVector":"i1aYZ9BOdXl7CPMAOzoCCh.21","action":"GetUpdates", "result":"DeleteReceived", "context":{"id":"9521c473-25b5-487e-b228-865566fa3bcb", "isDeleted:":"true", "version":"1680324730273"}}
{"logTime": "0503/185749", "correlationVector":"i1aYZ9BOdXl7CPMAOzoCCh.22","action":"GetUpdates", "result":"DeleteReceived", "context":{"id":"0b9e003c-6968-4a2d-b2b6-85f51acbe39b", "isDeleted:":"true", "version":"1680324730275"}}
{"logTime": "0503/185749", "correlationVector":"i1aYZ9BOdXl7CPMAOzoCCh.23","action":"GetUpdates", "result":"DeleteReceived", "context":{"id":"43954344-e1b3-499e-9439-1daffa1ebebc", "isDeleted:":"true", "version":"1680376167391"}}
{"logTime": "0503/185749", "correlationVector":"i1aYZ9BOdXl7CPMAOzoCCh.24","action":"GetUpdates", "result":"DeleteReceived", "context":{"id":"7504b96f-26a5-4d95-a02b-f3b723015f1a", "isDeleted:":"true", "version":"1680376900553"}}
{"logTime": "0503/185749", "correlationVector":"i1aYZ9BOdXl7CPMAOzoCCh.25","action":"GetUpdates", "result":"DeleteReceived", "context":{"id":"ce7eb815-6fd8-4075-ab5a-8a83cbf8ab29", "isDeleted:":"true", "version":"1680420522606"}}
{"logTime": "0503/185749", "correlationVector":"i1aYZ9BOdXl7CPMAOzoCCh.26","action":"GetUpdates", "result":"DeleteReceived", "context":{"id":"2bb4db0f-48fe-48bf-85ca-a76d59c37f5c", "isDeleted:":"true", "version":"1680448069622"}}
{"logTime": "0503/185749", "correlationVector":"i1aYZ9BOdXl7CPMAOzoCCh.27","action":"GetUpdates", "result":"DeleteReceived", "context":{"id":"6b5b079a-1714-429c-916d-8a516571942c", "isDeleted:":"true", "version":"1680465105670"}}
{"logTime": "0503/185749", "correlationVector":"i1aYZ9BOdXl7CPMAOzoCCh.28","action":"GetUpdates", "result":"DeleteReceived", "context":{"id":"afa692dd-032d-49a1-a82e-bcfe17d6ef49", "isDeleted:":"true", "version":"1680602081927"}}
{"logTime": "0503/185749", "correlationVector":"i1aYZ9BOdXl7CPMAOzoCCh.29","action":"GetUpdates", "result":"DeleteReceived", "context":{"id":"4313ff5a-597f-432b-b933-c495548779dd", "isDeleted:":"true", "version":"1680624518132"}}
{"logTime": "0503/185749", "correlationVector":"i1aYZ9BOdXl7CPMAOzoCCh.30","action":"GetUpdates", "result":"DeleteReceived", "context":{"id":"15778a14-74ab-4e4a-8e71-9973eff5eb63", "isDeleted:":"true", "version":"1680630538247"}}
{"logTime": "0503/185749", "correlationVector":"i1aYZ9BOdXl7CPMAOzoCCh.31","action":"GetUpdates", "result":"DeleteReceived", "context":{"id":"bd0b3c39-a93a-418c-8338-4840e47d9c9d", "isDeleted:":"true", "version":"1680630538248"}}
{"logTime": "0503/185749", "correlationVector":"i1aYZ9BOdXl7CPMAOzoCCh.32","action":"GetUpdates", "result":"DeleteReceived", "context":{"id":"bb7ad007-9d9e-442e-aa12-b4315c56dd1c", "isDeleted:":"true", "version":"1680630538250"}}
{"logTime": "0503/185749", "correlationVector":"i1aYZ9BOdXl7CPMAOzoCCh.33","action":"GetUpdates", "result":"DeleteReceived", "context":{"id":"ddb7cdb7-965b-4112-b6e9-fb2a307834e5", "isDeleted:":"true", "version":"1680630845835"}}
{"logTime": "0503/185749", "correlationVector":"i1aYZ9BOdXl7CPMAOzoCCh.34","action":"GetUpdates", "result":"DeleteReceived", "context":{"id":"74d8f02e-418c-469f-8a7d-9f34a9de97a6", "isDeleted:":"true", "version":"1680638954209"}}
{"logTime": "0503/185749", "correlationVector":"i1aYZ9BOdXl7CPMAOzoCCh.35","action":"GetUpdates", "result":"DeleteReceived", "context":{"id":"77017654-28dc-40f0-879b-4ae84db3df74", "isDeleted:":"true", "version":"1680638954210"}}
{"logTime": "0503/185749", "correlationVector":"i1aYZ9BOdXl7CPMAOzoCCh.36","action":"GetUpdates", "result":"DeleteReceived", "context":{"id":"daf77bb5-99b3-47b2-9b6d-af94ac603c46", "isDeleted:":"true", "version":"1680638954212"}}
{"logTime": "0503/185749", "correlationVector":"i1aYZ9BOdXl7CPMAOzoCCh.37","action":"GetUpdates", "result":"DeleteReceived", "context":{"id":"90fc288e-bd1b-4cf8-929c-6f6fe1e318f6", "isDeleted:":"true", "version":"1680639965108"}}
{"logTime": "0503/185749", "correlationVector":"i1aYZ9BOdXl7CPMAOzoCCh.38","action":"GetUpdates", "result":"DeleteReceived", "context":{"id":"9d7030e6-4700-41be-97e8-80a834ff8adc", "isDeleted:":"true", "version":"1680796863168"}}
{"logTime": "0503/185749", "correlationVector":"i1aYZ9BOdXl7CPMAOzoCCh.39","action":"GetUpdates", "result":"DeleteReceived", "context":{"id":"0f763bc1-48b3-42c5-916b-08258bc21f8e", "isDeleted:":"true", "version":"1680803836844"}}
{"logTime": "0503/185749", "correlationVector":"i1aYZ9BOdXl7CPMAOzoCCh.40","action":"GetUpdates", "result":"DeleteReceived", "context":{"id":"783169e7-c9fe-4883-a54f-977d1d92f73f", "isDeleted:":"true", "version":"1680804187737"}}
{"logTime": "0503/185749", "correlationVector":"i1aYZ9BOdXl7CPMAOzoCCh.41","action":"GetUpdates", "result":"DeleteReceived", "context":{"id":"821b851b-51fe-4b11-acb2-a889bd6f94a1", "isDeleted:":"true", "version":"1680804187739"}}
{"logTime": "0503/185749", "correlationVector":"i1aYZ9BOdXl7CPMAOzoCCh.42","action":"GetUpdates", "result":"DeleteReceived", "context":{"id":"49d4b8db-bce4-4fb7-a203-8fdde7a77b2e", "isDeleted:":"true", "version":"1680900108275"}}
{"logTime": "0503/185749", "correlationVector":"i1aYZ9BOdXl7CPMAOzoCCh.43","action":"GetUpdates", "result":"DeleteReceived", "context":{"id":"a35c672f-7c70-41f0-9502-8040cdf3b4da", "isDeleted:":"true", "version":"1680900108277"}}
{"logTime": "0503/185749", "correlationVector":"i1aYZ9BOdXl7CPMAOzoCCh.44","action":"GetUpdates", "result":"DeleteReceived", "context":{"id":"27058783-2f26-4583-bda2-1acbfb60afaf", "isDeleted:":"true", "version":"1680900108278"}}
{"logTime": "0503/185749", "correlationVector":"i1aYZ9BOdXl7CPMAOzoCCh.45","action":"GetUpdates", "result":"DeleteReceived", "context":{"id":"0caea653-0c4c-418b-9590-94aecf289b1c", "isDeleted:":"true", "version":"1680900108281"}}
{"logTime": "0503/185749", "correlationVector":"i1aYZ9BOdXl7CPMAOzoCCh.46","action":"GetUpdates", "result":"DeleteReceived", "context":{"id":"10002761-ad43-4e54-bf89-311ae5bd3d17", "isDeleted:":"true", "version":"1680900108282"}}
{"logTime": "0503/185749", "correlationVector":"i1aYZ9BOdXl7CPMAOzoCCh.47","action":"GetUpdates", "result":"DeleteReceived", "context":{"id":"d22ee140-46a8-4bc0-ba18-dcba126c9abf", "isDeleted:":"true", "version":"1680900140069"}}
{"logTime": "0503/185749", "correlationVector":"i1aYZ9BOdXl7CPMAOzoCCh.48","action":"GetUpdates", "result":"DeleteReceived", "context":{"id":"6b86cb55-bdf7-4921-99b6-3930fa045de9", "isDeleted:":"true", "version":"1680900314253"}}
{"logTime": "0503/185749", "correlationVector":"i1aYZ9BOdXl7CPMAOzoCCh.49","action":"GetUpdates", "result":"DeleteReceived", "context":{"id":"d3b8a2d1-1263-44fe-8ab9-c3eb0977b207", "isDeleted:":"true", "version":"1680987050174"}}
{"logTime": "0503/185749", "correlationVector":"i1aYZ9BOdXl7CPMAOzoCCh.50","action":"GetUpdates", "result":"DeleteReceived", "context":{"id":"a38836f8-07d1-457c-afbb-62a4a222e843", "isDeleted:":"true", "version":"1680987050175"}}
{"logTime": "0503/185749", "correlationVector":"i1aYZ9BOdXl7CPMAOzoCCh.51","action":"GetUpdates", "result":"DeleteReceived", "context":{"id":"d2eb26bd-9d09-4733-830b-18f76479dc88", "isDeleted:":"true", "version":"1680987050176"}}
{"logTime": "0503/185749", "correlationVector":"i1aYZ9BOdXl7CPMAOzoCCh.52","action":"GetUpdates", "result":"DeleteReceived", "context":{"id":"16540200-a16b-4aef-abbe-cf43f4d000a8", "isDeleted:":"true", "version":"1680987487988"}}
{"logTime": "0503/185749", "correlationVector":"i1aYZ9BOdXl7CPMAOzoCCh.53","action":"GetUpdates", "result":"DeleteReceived", "context":{"id":"884f1807-5262-431b-9705-c7fd2f693596", "isDeleted:":"true", "version":"1680987618612"}}
{"logTime": "0503/185749", "correlationVector":"i1aYZ9BOdXl7CPMAOzoCCh.54","action":"GetUpdates", "result":"DeleteReceived", "context":{"id":"6c74713e-eaf6-49fe-a72b-83cef5c527b3", "isDeleted:":"true", "version":"1680987618613"}}
{"logTime": "0503/185749", "correlationVector":"i1aYZ9BOdXl7CPMAOzoCCh.55","action":"GetUpdates Response", "result":"SERVER_MORE_TO_DOWNLOAD", "context":Received 250 update(s).  Some updates remain.}
{"logTime": "0503/185749", "correlationVector":"h0P2Ck7S7YWgZEImYfLvO0","action":"Normal GetUpdate request", "result":"", "context":cV=h0P2Ck7S7YWgZEImYfLvO0
Nudged types: User Consents
Refresh requested types: Bookmarks, Preferences, Passwords, Autofill Profiles, Autofill, Autofill Custom Data, Typed URLs, Extensions, Sessions, Extension settings, History Delete Directives, Device Info, User Consents, Send Tab To Self, Web Apps, Collection, Edge E Drop, Encryption Keys}
{"logTime": "0503/185750", "correlationVector":"h0P2Ck7S7YWgZEImYfLvO0.1","action":"SyncServerConnectionManagerRequest", "result":"SYNC_SERVER_OK", "context":{"environment":"Prod_SoutheastAsia_000j", "migrationStage":"NotStarted", "server":"GENERAL0100000X"}}
{"logTime": "0503/185750", "correlationVector":"h0P2Ck7S7YWgZEImYfLvO0.2","action":"GetUpdates", "result":"DeleteReceived", "context":{"id":"3018bdeb-2045-4457-bed3-fabb1ac0dd48", "isDeleted:":"true", "version":"1682951321999"}}
{"logTime": "0503/185750", "correlationVector":"h0P2Ck7S7YWgZEImYfLvO0.3","action":"GetUpdates", "result":"DeleteReceived", "context":{"id":"8b368c59-96bd-4e6e-a4bc-8eaf19ec2eab", "isDeleted:":"true", "version":"1681065351506"}}
{"logTime": "0503/185750", "correlationVector":"h0P2Ck7S7YWgZEImYfLvO0.4","action":"GetUpdates", "result":"DeleteReceived", "context":{"id":"96996de9-4d21-4a0d-81e4-ad713cc73d1d", "isDeleted:":"true", "version":"1681070511549"}}
{"logTime": "0503/185750", "correlationVector":"h0P2Ck7S7YWgZEImYfLvO0.5","action":"GetUpdates", "result":"DeleteReceived", "context":{"id":"f19eb445-6674-4fb8-8f0a-79f1c3a4215c", "isDeleted:":"true", "version":"1681070715381"}}
{"logTime": "0503/185750", "correlationVector":"h0P2Ck7S7YWgZEImYfLvO0.6","action":"GetUpdates", "result":"DeleteReceived", "context":{"id":"aa0ab29a-e5a3-4683-b536-a7955e38ccb3", "isDeleted:":"true", "version":"1681071069157"}}
{"logTime": "0503/185750", "correlationVector":"h0P2Ck7S7YWgZEImYfLvO0.7","action":"GetUpdates", "result":"DeleteReceived", "context":{"id":"261c1a97-5eeb-4a78-8a53-0bbc6666681c", "isDeleted:":"true", "version":"1681153271570"}}
{"logTime": "0503/185750", "correlationVector":"h0P2Ck7S7YWgZEImYfLvO0.8","action":"GetUpdates", "result":"DeleteReceived", "context":{"id":"ae5e97ad-4dfc-4102-ac5d-469863cac1f6", "isDeleted:":"true", "version":"1681153764566"}}
{"logTime": "0503/185750", "correlationVector":"h0P2Ck7S7YWgZEImYfLvO0.9","action":"GetUpdates", "result":"DeleteReceived", "context":{"id":"61813ed2-ae19-480b-8f18-3e6366092620", "isDeleted:":"true", "version":"1681153764567"}}
{"logTime": "0503/185750", "correlationVector":"h0P2Ck7S7YWgZEImYfLvO0.10","action":"GetUpdates", "result":"DeleteReceived", "context":{"id":"c218496d-ae41-4652-a93d-c9b2bdce84f4", "isDeleted:":"true", "version":"1681208032289"}}
{"logTime": "0503/185750", "correlationVector":"h0P2Ck7S7YWgZEImYfLvO0.11","action":"GetUpdates", "result":"DeleteReceived", "context":{"id":"da6771f2-8165-4d69-a1e3-aac672e9ffdf", "isDeleted:":"true", "version":"1681208032290"}}
{"logTime": "0503/185750", "correlationVector":"h0P2Ck7S7YWgZEImYfLvO0.12","action":"GetUpdates", "result":"DeleteReceived", "context":{"id":"f3faa440-c9bf-4c61-8253-632512e3e097", "isDeleted:":"true", "version":"1681238919254"}}
{"logTime": "0503/185750", "correlationVector":"h0P2Ck7S7YWgZEImYfLvO0.13","action":"GetUpdates", "result":"DeleteReceived", "context":{"id":"2eec989f-0be4-4c88-b677-11ad4cb1fd55", "isDeleted:":"true", "version":"1681239283889"}}
{"logTime": "0503/185750", "correlationVector":"h0P2Ck7S7YWgZEImYfLvO0.14","action":"GetUpdates", "result":"DeleteReceived", "context":{"id":"03bd9204-150d-4709-b92d-45c1c47f8aa7", "isDeleted:":"true", "version":"1681239283890"}}
{"logTime": "0503/185750", "correlationVector":"h0P2Ck7S7YWgZEImYfLvO0.15","action":"GetUpdates", "result":"DeleteReceived", "context":{"id":"0924f3f0-a9f8-4bcb-af98-274215ceed4d", "isDeleted:":"true", "version":"1681325519478"}}
{"logTime": "0503/185750", "correlationVector":"h0P2Ck7S7YWgZEImYfLvO0.16","action":"GetUpdates", "result":"DeleteReceived", "context":{"id":"fa6408af-b393-4f94-8536-b7b1fc193462", "isDeleted:":"true", "version":"1681325519479"}}
{"logTime": "0503/185750", "correlationVector":"h0P2Ck7S7YWgZEImYfLvO0.17","action":"GetUpdates", "result":"DeleteReceived", "context":{"id":"0c256c65-2ad0-4376-970b-636c4872e755", "isDeleted:":"true", "version":"1681366240819"}}
{"logTime": "0503/185750", "correlationVector":"h0P2Ck7S7YWgZEImYfLvO0.18","action":"GetUpdates", "result":"DeleteReceived", "context":{"id":"0c396fe5-dc98-4e7a-9d95-b9ee46ae385b", "isDeleted:":"true", "version":"1681410308988"}}
{"logTime": "0503/185750", "correlationVector":"h0P2Ck7S7YWgZEImYfLvO0.19","action":"GetUpdates", "result":"DeleteReceived", "context":{"id":"042609de-fcb0-4cce-a74f-6cf2112da1e4", "isDeleted:":"true", "version":"1681410308989"}}
{"logTime": "0503/185750", "correlationVector":"h0P2Ck7S7YWgZEImYfLvO0.20","action":"GetUpdates", "result":"DeleteReceived", "context":{"id":"8158fc21-ff47-4f9f-a12d-6326eb60eb3c", "isDeleted:":"true", "version":"1681497234356"}}
{"logTime": "0503/185750", "correlationVector":"h0P2Ck7S7YWgZEImYfLvO0.21","action":"GetUpdates", "result":"DeleteReceived", "context":{"id":"6ecd900a-41c1-4549-b02e-3da8bf72a460", "isDeleted:":"true", "version":"1681499399630"}}
{"logTime": "0503/185750", "correlationVector":"h0P2Ck7S7YWgZEImYfLvO0.22","action":"GetUpdates", "result":"DeleteReceived", "context":{"id":"02a6dcef-45da-4683-a221-ff935b6b9662", "isDeleted:":"true", "version":"1681499399631"}}
{"logTime": "0503/185750", "correlationVector":"h0P2Ck7S7YWgZEImYfLvO0.23","action":"GetUpdates", "result":"DeleteReceived", "context":{"id":"74fa1196-8802-4eb9-b792-57217cb32260", "isDeleted:":"true", "version":"1681499399632"}}
{"logTime": "0503/185750", "correlationVector":"h0P2Ck7S7YWgZEImYfLvO0.24","action":"GetUpdates", "result":"DeleteReceived", "context":{"id":"9be8926c-d89e-4be3-a567-e5db8a90b09c", "isDeleted:":"true", "version":"1681585468227"}}
{"logTime": "0503/185750", "correlationVector":"h0P2Ck7S7YWgZEImYfLvO0.25","action":"GetUpdates", "result":"DeleteReceived", "context":{"id":"03bf9a45-3f2a-49b6-a94b-ee46e8211eb1", "isDeleted:":"true", "version":"1681585468228"}}
{"logTime": "0503/185750", "correlationVector":"h0P2Ck7S7YWgZEImYfLvO0.26","action":"GetUpdates", "result":"DeleteReceived", "context":{"id":"68988e12-d7ab-4a47-ae2c-ef501254c1db", "isDeleted:":"true", "version":"1681585468229"}}
{"logTime": "0503/185750", "correlationVector":"h0P2Ck7S7YWgZEImYfLvO0.27","action":"GetUpdates", "result":"DeleteReceived", "context":{"id":"9dabf8d4-497b-4869-9d5a-af00329fb856", "isDeleted:":"true", "version":"1681587007576"}}
{"logTime": "0503/185750", "correlationVector":"h0P2Ck7S7YWgZEImYfLvO0.28","action":"GetUpdates", "result":"DeleteReceived", "context":{"id":"3a194da6-2fcd-4d2d-9554-99b1a3f52c45", "isDeleted:":"true", "version":"1681587007577"}}
{"logTime": "0503/185750", "correlationVector":"h0P2Ck7S7YWgZEImYfLvO0.29","action":"GetUpdates", "result":"DeleteReceived", "context":{"id":"6622d41e-f11c-4536-81fc-665d95ba5a35", "isDeleted:":"true", "version":"1681589022230"}}
{"logTime": "0503/185750", "correlationVector":"h0P2Ck7S7YWgZEImYfLvO0.30","action":"GetUpdates", "result":"DeleteReceived", "context":{"id":"71075a5a-1e14-4c68-85d4-b9bde18d31e8", "isDeleted:":"true", "version":"1681589022231"}}
{"logTime": "0503/185750", "correlationVector":"h0P2Ck7S7YWgZEImYfLvO0.31","action":"GetUpdates", "result":"DeleteReceived", "context":{"id":"bb6401a5-1434-4626-90c5-61dda4019c44", "isDeleted:":"true", "version":"1681589311308"}}
{"logTime": "0503/185750", "correlationVector":"h0P2Ck7S7YWgZEImYfLvO0.32","action":"GetUpdates", "result":"DeleteReceived", "context":{"id":"b0e751a0-6651-49e4-be51-5b6e3dae9cb5", "isDeleted:":"true", "version":"1681589345344"}}
{"logTime": "0503/185750", "correlationVector":"h0P2Ck7S7YWgZEImYfLvO0.33","action":"GetUpdates", "result":"DeleteReceived", "context":{"id":"80672388-18db-4143-b2db-3e585adbde19", "isDeleted:":"true", "version":"1681630443307"}}
{"logTime": "0503/185750", "correlationVector":"h0P2Ck7S7YWgZEImYfLvO0.34","action":"GetUpdates", "result":"DeleteReceived", "context":{"id":"ae1ce398-181a-4425-b655-3a00d7a02a11", "isDeleted:":"true", "version":"1681630443308"}}
{"logTime": "0503/185750", "correlationVector":"h0P2Ck7S7YWgZEImYfLvO0.35","action":"GetUpdates", "result":"DeleteReceived", "context":{"id":"c7e7d31d-20f9-4511-a93b-916f11d04d1a", "isDeleted:":"true", "version":"1681630443309"}}
{"logTime": "0503/185750", "correlationVector":"h0P2Ck7S7YWgZEImYfLvO0.36","action":"GetUpdates", "result":"DeleteReceived", "context":{"id":"cecc4e55-d68d-49b6-acf9-56aabb2c2fda", "isDeleted:":"true", "version":"1681674042950"}}
{"logTime": "0503/185750", "correlationVector":"h0P2Ck7S7YWgZEImYfLvO0.37","action":"GetUpdates", "result":"DeleteReceived", "context":{"id":"00a3820e-ce82-4a00-8da5-89d11acde2f0", "isDeleted:":"true", "version":"1681674492269"}}
{"logTime": "0503/185750", "correlationVector":"h0P2Ck7S7YWgZEImYfLvO0.38","action":"GetUpdates", "result":"DeleteReceived", "context":{"id":"ea63ae12-a510-438b-9031-4961d10bc3ca", "isDeleted:":"true", "version":"1681674492270"}}
{"logTime": "0503/185750", "correlationVector":"h0P2Ck7S7YWgZEImYfLvO0.39","action":"GetUpdates", "result":"DeleteReceived", "context":{"id":"4e244a47-a22b-4d7a-9557-18ba80382ac9", "isDeleted:":"true", "version":"1681710425623"}}
{"logTime": "0503/185750", "correlationVector":"h0P2Ck7S7YWgZEImYfLvO0.40","action":"GetUpdates", "result":"DeleteReceived", "context":{"id":"c3873609-e324-4405-b681-cd8590565f95", "isDeleted:":"true", "version":"1681711322208"}}
{"logTime": "0503/185750", "correlationVector":"h0P2Ck7S7YWgZEImYfLvO0.41","action":"GetUpdates", "result":"DeleteReceived", "context":{"id":"c97f8bb2-7388-4c14-b387-c22829585656", "isDeleted:":"true", "version":"1681757102868"}}
{"logTime": "0503/185750", "correlationVector":"h0P2Ck7S7YWgZEImYfLvO0.42","action":"GetUpdates", "result":"DeleteReceived", "context":{"id":"4087485d-40e0-488a-b9f7-d2a6b233c70c", "isDeleted:":"true", "version":"1681757102869"}}
{"logTime": "0503/185750", "correlationVector":"h0P2Ck7S7YWgZEImYfLvO0.43","action":"GetUpdates", "result":"DeleteReceived", "context":{"id":"a2f1ee60-f5b7-4bb7-a1b6-ef3b33d373fe", "isDeleted:":"true", "version":"1681757558741"}}
{"logTime": "0503/185750", "correlationVector":"h0P2Ck7S7YWgZEImYfLvO0.44","action":"GetUpdates", "result":"DeleteReceived", "context":{"id":"087fe5fb-4693-4bd1-9cd0-4297c298865c", "isDeleted:":"true", "version":"1681757558742"}}
{"logTime": "0503/185750", "correlationVector":"h0P2Ck7S7YWgZEImYfLvO0.45","action":"GetUpdates", "result":"DeleteReceived", "context":{"id":"a4cb705c-d808-4eff-886d-aadbec5356ec", "isDeleted:":"true", "version":"1681843872674"}}
{"logTime": "0503/185750", "correlationVector":"h0P2Ck7S7YWgZEImYfLvO0.46","action":"GetUpdates", "result":"DeleteReceived", "context":{"id":"538c7912-dc44-4e6a-845e-74e247c56019", "isDeleted:":"true", "version":"1681844147488"}}
{"logTime": "0503/185750", "correlationVector":"h0P2Ck7S7YWgZEImYfLvO0.47","action":"GetUpdates", "result":"DeleteReceived", "context":{"id":"7e2603df-4ec5-494a-89ee-74cb094bad6f", "isDeleted:":"true", "version":"1681929754201"}}
{"logTime": "0503/185750", "correlationVector":"h0P2Ck7S7YWgZEImYfLvO0.48","action":"GetUpdates", "result":"DeleteReceived", "context":{"id":"1309c96e-d247-4e48-8b19-9899884bceca", "isDeleted:":"true", "version":"1681929754202"}}
{"logTime": "0503/185750", "correlationVector":"h0P2Ck7S7YWgZEImYfLvO0.49","action":"GetUpdates", "result":"DeleteReceived", "context":{"id":"692c06a1-cb9d-4c5e-a510-a7f3d8fd0835", "isDeleted:":"true", "version":"1682017102908"}}
{"logTime": "0503/185750", "correlationVector":"h0P2Ck7S7YWgZEImYfLvO0.50","action":"GetUpdates", "result":"DeleteReceived", "context":{"id":"12ca9fa7-e0f9-40ae-a4ab-e7ccd5cb576d", "isDeleted:":"true", "version":"1682017615760"}}
{"logTime": "0503/185750", "correlationVector":"h0P2Ck7S7YWgZEImYfLvO0.51","action":"GetUpdates", "result":"DeleteReceived", "context":{"id":"596fe940-80ea-422d-a7ad-c2f7ec5bfc3e", "isDeleted:":"true", "version":"1682017615761"}}
{"logTime": "0503/185750", "correlationVector":"h0P2Ck7S7YWgZEImYfLvO0.52","action":"GetUpdates", "result":"DeleteReceived", "context":{"id":"a5a33611-1c4b-4927-bbbf-9835622f4776", "isDeleted:":"true", "version":"1682017615762"}}
{"logTime": "0503/185750", "correlationVector":"h0P2Ck7S7YWgZEImYfLvO0.53","action":"GetUpdates", "result":"DeleteReceived", "context":{"id":"1064cd8e-bdd9-46ec-9d21-93dcca03ff6d", "isDeleted:":"true", "version":"1682017615763"}}
{"logTime": "0503/185750", "correlationVector":"h0P2Ck7S7YWgZEImYfLvO0.54","action":"GetUpdates", "result":"DeleteReceived", "context":{"id":"f659b566-9fe9-4439-8f33-355fded68e3e", "isDeleted:":"true", "version":"1682056004449"}}
{"logTime": "0503/185750", "correlationVector":"h0P2Ck7S7YWgZEImYfLvO0.55","action":"GetUpdates", "result":"DeleteReceived", "context":{"id":"7122d734-bb61-4120-8778-62baa082937c", "isDeleted:":"true", "version":"1682056004451"}}
{"logTime": "0503/185750", "correlationVector":"h0P2Ck7S7YWgZEImYfLvO0.56","action":"GetUpdates", "result":"DeleteReceived", "context":{"id":"63b7378e-0ec0-41f4-b0df-78df4c602a9c", "isDeleted:":"true", "version":"1682103449646"}}
{"logTime": "0503/185750", "correlationVector":"h0P2Ck7S7YWgZEImYfLvO0.57","action":"GetUpdates", "result":"DeleteReceived", "context":{"id":"e3810ddf-0ed0-416f-9bd6-43a0fc79d3fc", "isDeleted:":"true", "version":"1682103897193"}}
{"logTime": "0503/185750", "correlationVector":"h0P2Ck7S7YWgZEImYfLvO0.58","action":"GetUpdates", "result":"DeleteReceived", "context":{"id":"aeda5ac0-a75b-4665-a688-7d5f8a277881", "isDeleted:":"true", "version":"1682103978864"}}
{"logTime": "0503/185750", "correlationVector":"h0P2Ck7S7YWgZEImYfLvO0.59","action":"GetUpdates", "result":"DeleteReceived", "context":{"id":"58391079-df6c-4f04-8a4e-cdf461059ec3", "isDeleted:":"true", "version":"1682103978865"}}
{"logTime": "0503/185750", "correlationVector":"h0P2Ck7S7YWgZEImYfLvO0.60","action":"GetUpdates", "result":"DeleteReceived", "context":{"id":"f5c30ba3-6c27-4834-b16b-840e706a3eb0", "isDeleted:":"true", "version":"1682103978866"}}
{"logTime": "0503/185750", "correlationVector":"h0P2Ck7S7YWgZEImYfLvO0.61","action":"GetUpdates", "result":"DeleteReceived", "context":{"id":"64ded6c3-ae88-4b46-8804-5fb8f6242755", "isDeleted:":"true", "version":"1682360546531"}}
{"logTime": "0503/185750", "correlationVector":"h0P2Ck7S7YWgZEImYfLvO0.62","action":"GetUpdates", "result":"DeleteReceived", "context":{"id":"ab2aec82-bde7-4e6f-8927-84d919324b0d", "isDeleted:":"true", "version":"1682360840283"}}
{"logTime": "0503/185750", "correlationVector":"h0P2Ck7S7YWgZEImYfLvO0.63","action":"GetUpdates", "result":"DeleteReceived", "context":{"id":"dc08ffea-3e03-4436-a435-03e93690f388", "isDeleted:":"true", "version":"1682360840284"}}
{"logTime": "0503/185750", "correlationVector":"h0P2Ck7S7YWgZEImYfLvO0.64","action":"GetUpdates", "result":"DeleteReceived", "context":{"id":"18448cc1-301a-4d5f-85fa-0a9597252d3a", "isDeleted:":"true", "version":"1682360856414"}}
{"logTime": "0503/185750", "correlationVector":"h0P2Ck7S7YWgZEImYfLvO0.65","action":"GetUpdates", "result":"DeleteReceived", "context":{"id":"58ea10d2-944b-49a7-89f4-00d47dda44c5", "isDeleted:":"true", "version":"1682444985499"}}
{"logTime": "0503/185750", "correlationVector":"h0P2Ck7S7YWgZEImYfLvO0.66","action":"GetUpdates", "result":"DeleteReceived", "context":{"id":"df0234ae-ae87-4187-a661-2984ca722f11", "isDeleted:":"true", "version":"1682445318478"}}
{"logTime": "0503/185750", "correlationVector":"h0P2Ck7S7YWgZEImYfLvO0.67","action":"GetUpdates", "result":"DeleteReceived", "context":{"id":"278b6285-2dd5-494f-9c3c-c56b4790dacd", "isDeleted:":"true", "version":"1682445318479"}}
{"logTime": "0503/185750", "correlationVector":"h0P2Ck7S7YWgZEImYfLvO0.68","action":"GetUpdates", "result":"DeleteReceived", "context":{"id":"72d7d439-c2c3-4bbd-afb7-8a15d5103685", "isDeleted:":"true", "version":"1682445318480"}}
{"logTime": "0503/185750", "correlationVector":"h0P2Ck7S7YWgZEImYfLvO0.69","action":"GetUpdates", "result":"DeleteReceived", "context":{"id":"3d9807b6-6554-450f-8116-84c39b7b2cc0", "isDeleted:":"true", "version":"1682542139035"}}
{"logTime": "0503/185750", "correlationVector":"h0P2Ck7S7YWgZEImYfLvO0.70","action":"GetUpdates", "result":"DeleteReceived", "context":{"id":"86f09f20-e9f9-424e-93fb-1fa6cbded759", "isDeleted:":"true", "version":"1682542139036"}}
{"logTime": "0503/185750", "correlationVector":"h0P2Ck7S7YWgZEImYfLvO0.71","action":"GetUpdates", "result":"DeleteReceived", "context":{"id":"2d0a82be-ac6a-4e4e-afd8-1682f4a5105f", "isDeleted:":"true", "version":"1682542139037"}}
{"logTime": "0503/185750", "correlationVector":"h0P2Ck7S7YWgZEImYfLvO0.72","action":"GetUpdates", "result":"DeleteReceived", "context":{"id":"688d97ab-4ddb-426e-ad42-ba4cf0a91e7a", "isDeleted:":"true", "version":"1682628661447"}}
{"logTime": "0503/185750", "correlationVector":"h0P2Ck7S7YWgZEImYfLvO0.73","action":"GetUpdates", "result":"DeleteReceived", "context":{"id":"5fc9de97-5547-4b8e-99f5-f1b1e0bde7c3", "isDeleted:":"true", "version":"1682628661448"}}
{"logTime": "0503/185750", "correlationVector":"h0P2Ck7S7YWgZEImYfLvO0.74","action":"GetUpdates", "result":"DeleteReceived", "context":{"id":"1b32e722-c487-42c7-baa6-ee16a6eec4a8", "isDeleted:":"true", "version":"1682628738247"}}
{"logTime": "0503/185750", "correlationVector":"h0P2Ck7S7YWgZEImYfLvO0.75","action":"GetUpdates", "result":"DeleteReceived", "context":{"id":"85a0a490-48ba-4e26-85bd-fc5e7e4c86d9", "isDeleted:":"true", "version":"1682629021295"}}
{"logTime": "0503/185750", "correlationVector":"h0P2Ck7S7YWgZEImYfLvO0.76","action":"GetUpdates", "result":"DeleteReceived", "context":{"id":"9ce02dc3-c7dd-483e-ae4e-36e0f07add98", "isDeleted:":"true", "version":"1682629021296"}}
{"logTime": "0503/185750", "correlationVector":"h0P2Ck7S7YWgZEImYfLvO0.77","action":"GetUpdates", "result":"DeleteReceived", "context":{"id":"4a428057-6853-4a7e-9bbf-b794749e2169", "isDeleted:":"true", "version":"1682629021297"}}
{"logTime": "0503/185750", "correlationVector":"h0P2Ck7S7YWgZEImYfLvO0.78","action":"GetUpdates", "result":"DeleteReceived", "context":{"id":"2ae76eef-ef7b-4e0b-bac0-e9ce3624d259", "isDeleted:":"true", "version":"1682708774876"}}
{"logTime": "0503/185750", "correlationVector":"h0P2Ck7S7YWgZEImYfLvO0.79","action":"GetUpdates", "result":"DeleteReceived", "context":{"id":"63938ca3-3af6-4281-86d2-dceab14d4b8f", "isDeleted:":"true", "version":"1682708881477"}}
{"logTime": "0503/185750", "correlationVector":"h0P2Ck7S7YWgZEImYfLvO0.80","action":"GetUpdates", "result":"DeleteReceived", "context":{"id":"a3e397d0-82c7-4522-8436-25dd0284c6dc", "isDeleted:":"true", "version":"1682798679545"}}
{"logTime": "0503/185750", "correlationVector":"h0P2Ck7S7YWgZEImYfLvO0.81","action":"GetUpdates", "result":"DeleteReceived", "context":{"id":"8bbd7f02-6138-4608-8d53-691a0d75466d", "isDeleted:":"true", "version":"1682798679546"}}
{"logTime": "0503/185750", "correlationVector":"h0P2Ck7S7YWgZEImYfLvO0.82","action":"GetUpdates", "result":"DeleteReceived", "context":{"id":"88d2b127-2c2d-4e9f-be9b-06ab9b63608d", "isDeleted:":"true", "version":"1682798679547"}}
{"logTime": "0503/185750", "correlationVector":"h0P2Ck7S7YWgZEImYfLvO0.83","action":"GetUpdates", "result":"DeleteReceived", "context":{"id":"5315691a-98b3-41dd-8b26-4a16238ce0cd", "isDeleted:":"true", "version":"1682951322002"}}
{"logTime": "0503/185750", "correlationVector":"h0P2Ck7S7YWgZEImYfLvO0.84","action":"GetUpdates", "result":"DeleteReceived", "context":{"id":"3f25f298-af13-4977-9ab8-079f4e7d20ae", "isDeleted:":"true", "version":"1682951426915"}}
{"logTime": "0503/185750", "correlationVector":"h0P2Ck7S7YWgZEImYfLvO0.85","action":"GetUpdates", "result":"DeleteReceived", "context":{"id":"33401573-7972-4a29-b82a-f9bd17711757", "isDeleted:":"true", "version":"1682951426918"}}
{"logTime": "0503/185750", "correlationVector":"h0P2Ck7S7YWgZEImYfLvO0.86","action":"GetUpdates", "result":"DeleteReceived", "context":{"id":"03c47f6b-409d-453f-a552-19796bedc91f", "isDeleted:":"true", "version":"1682951460227"}}
{"logTime": "0503/185750", "correlationVector":"h0P2Ck7S7YWgZEImYfLvO0.87","action":"GetUpdates", "result":"DeleteReceived", "context":{"id":"b939cafe-f93e-4e7c-8b05-88f79dff2e50", "isDeleted:":"true", "version":"1682951460228"}}
{"logTime": "0503/185750", "correlationVector":"h0P2Ck7S7YWgZEImYfLvO0.88","action":"GetUpdates", "result":"DeleteReceived", "context":{"id":"3f949422-e5ba-47ea-973a-15d06a990a6e", "isDeleted:":"true", "version":"1682951460229"}}
{"logTime": "0503/185750", "correlationVector":"h0P2Ck7S7YWgZEImYfLvO0.89","action":"GetUpdates", "result":"DeleteReceived", "context":{"id":"2a8e8715-ef4f-480f-b497-8888ee4b5e3a", "isDeleted:":"true", "version":"1682951460230"}}
{"logTime": "0503/185750", "correlationVector":"h0P2Ck7S7YWgZEImYfLvO0.90","action":"GetUpdates Response", "result":"SERVER_MORE_TO_DOWNLOAD", "context":Received 250 update(s).  Some updates remain.}
{"logTime": "0503/185750", "correlationVector":"YV+p4SDANAwszr398MnHHd","action":"Normal GetUpdate request", "result":"", "context":cV=YV+p4SDANAwszr398MnHHd
Nudged types: User Consents
Refresh requested types: Bookmarks, Preferences, Passwords, Autofill Profiles, Autofill, Autofill Custom Data, Typed URLs, Extensions, Sessions, Extension settings, History Delete Directives, Device Info, User Consents, Send Tab To Self, Web Apps, Collection, Edge E Drop, Encryption Keys}
{"logTime": "0503/185750", "correlationVector":"YV+p4SDANAwszr398MnHHd.1","action":"SyncServerConnectionManagerRequest", "result":"SYNC_SERVER_OK", "context":{"environment":"Prod_SoutheastAsia_000j", "migrationStage":"NotStarted", "server":"GENERAL0100001C"}}
{"logTime": "0503/185750", "correlationVector":"YV+p4SDANAwszr398MnHHd.2","action":"GetUpdates", "result":"DeleteReceived", "context":{"id":"bffbbbe4-04b6-41f5-80f1-73962c982bcf", "isDeleted:":"true", "version":"1682961348599"}}
{"logTime": "0503/185750", "correlationVector":"YV+p4SDANAwszr398MnHHd.3","action":"GetUpdates", "result":"DeleteReceived", "context":{"id":"ad4059c2-e448-4a59-a76d-da13541d18c4", "isDeleted:":"true", "version":"1682961348600"}}
{"logTime": "0503/185750", "correlationVector":"YV+p4SDANAwszr398MnHHd.4","action":"GetUpdates", "result":"DeleteReceived", "context":{"id":"355cf915-7b2d-41e9-a645-a894f980f987", "isDeleted:":"true", "version":"1682961348601"}}
{"logTime": "0503/185750", "correlationVector":"YV+p4SDANAwszr398MnHHd.5","action":"GetUpdates", "result":"DeleteReceived", "context":{"id":"7e72361e-7b9d-4dd7-975e-bac858b854c9", "isDeleted:":"true", "version":"1682951617418"}}
{"logTime": "0503/185750", "correlationVector":"YV+p4SDANAwszr398MnHHd.6","action":"GetUpdates", "result":"DeleteReceived", "context":{"id":"b9366195-29ee-4ff4-81d0-808ee7714968", "isDeleted:":"true", "version":"1682961061463"}}
{"logTime": "0503/185750", "correlationVector":"YV+p4SDANAwszr398MnHHd.7","action":"GetUpdates", "result":"DeleteReceived", "context":{"id":"0a262601-a569-4ae8-8d18-8b8dd9c67056", "isDeleted:":"true", "version":"1682961061464"}}
{"logTime": "0503/185750", "correlationVector":"YV+p4SDANAwszr398MnHHd.8","action":"GetUpdates", "result":"DeleteReceived", "context":{"id":"dd6eef66-2952-40db-8bf6-3a319fca8674", "isDeleted:":"true", "version":"1682961061466"}}
{"logTime": "0503/185750", "correlationVector":"YV+p4SDANAwszr398MnHHd.9","action":"GetUpdates", "result":"DeleteReceived", "context":{"id":"1e3e78ae-71e0-4c91-8599-c9acae32808a", "isDeleted:":"true", "version":"1682961061467"}}
{"logTime": "0503/185750", "correlationVector":"YV+p4SDANAwszr398MnHHd.10","action":"GetUpdates", "result":"DeleteReceived", "context":{"id":"7d035a87-7b56-4b66-8ba5-c326b0a6d383", "isDeleted:":"true", "version":"1682961061468"}}
{"logTime": "0503/185750", "correlationVector":"YV+p4SDANAwszr398MnHHd.11","action":"GetUpdates", "result":"DeleteReceived", "context":{"id":"cc4e38b5-ad8b-4fdc-9ef5-2112a7f37f75", "isDeleted:":"true", "version":"1682961188151"}}
{"logTime": "0503/185750", "correlationVector":"YV+p4SDANAwszr398MnHHd.12","action":"GetUpdates", "result":"DeleteReceived", "context":{"id":"15d7e836-4149-464d-9803-b2b35057ab67", "isDeleted:":"true", "version":"1682961348602"}}
{"logTime": "0503/185750", "correlationVector":"YV+p4SDANAwszr398MnHHd.13","action":"GetUpdates", "result":"DeleteReceived", "context":{"id":"3f72b551-0f14-4ebd-b2b6-b795eb9abc9b", "isDeleted:":"true", "version":"1682961348603"}}
{"logTime": "0503/185750", "correlationVector":"YV+p4SDANAwszr398MnHHd.14","action":"GetUpdates", "result":"DeleteReceived", "context":{"id":"74a3e2ae-f4cd-464e-b5c8-5803e878885b", "isDeleted:":"true", "version":"1682961348605"}}
{"logTime": "0503/185750", "correlationVector":"YV+p4SDANAwszr398MnHHd.15","action":"GetUpdates", "result":"DeleteReceived", "context":{"id":"4ba2b32d-e8d9-40ec-9d65-cf92d125032c", "isDeleted:":"true", "version":"1682964217824"}}
{"logTime": "0503/185750", "correlationVector":"YV+p4SDANAwszr398MnHHd.16","action":"GetUpdates", "result":"DeleteReceived", "context":{"id":"e8e7a10b-ad02-4c3c-8e21-418b0db86506", "isDeleted:":"true", "version":"1682964217826"}}
{"logTime": "0503/185750", "correlationVector":"YV+p4SDANAwszr398MnHHd.17","action":"GetUpdates", "result":"DeleteReceived", "context":{"id":"b34a05c1-374c-49a7-955e-f76537ec4850", "isDeleted:":"true", "version":"1682964265958"}}
{"logTime": "0503/185750", "correlationVector":"YV+p4SDANAwszr398MnHHd.18","action":"GetUpdates", "result":"DeleteReceived", "context":{"id":"3d62f59a-b5bd-4a54-92c1-330e1cd65706", "isDeleted:":"true", "version":"1682964265960"}}
{"logTime": "0503/185750", "correlationVector":"YV+p4SDANAwszr398MnHHd.19","action":"GetUpdates", "result":"DeleteReceived", "context":{"id":"bbfb0f81-c127-4c25-96fe-ee1961a443d2", "isDeleted:":"true", "version":"1683008460188"}}
{"logTime": "0503/185750", "correlationVector":"YV+p4SDANAwszr398MnHHd.20","action":"GetUpdates", "result":"DeleteReceived", "context":{"id":"95130922-b18e-42aa-8dca-b485f964ec5f", "isDeleted:":"true", "version":"1683008460189"}}
{"logTime": "0503/185750", "correlationVector":"YV+p4SDANAwszr398MnHHd.21","action":"GetUpdates", "result":"DeleteReceived", "context":{"id":"bc3cec26-ddf7-42f9-90bf-ae4d57c2ce6d", "isDeleted:":"true", "version":"1683054793987"}}
{"logTime": "0503/185750", "correlationVector":"YV+p4SDANAwszr398MnHHd.22","action":"GetUpdates", "result":"DeleteReceived", "context":{"id":"61f41ff6-a963-435a-9c40-71d4235fc23b", "isDeleted:":"true", "version":"1683055172480"}}
{"logTime": "0503/185750", "correlationVector":"YV+p4SDANAwszr398MnHHd.23","action":"GetUpdates", "result":"DeleteReceived", "context":{"id":"27808565-5170-4316-b874-8e3dead944f0", "isDeleted:":"true", "version":"1683055172481"}}
{"logTime": "0503/185750", "correlationVector":"YV+p4SDANAwszr398MnHHd.24","action":"GetUpdates", "result":"DeleteReceived", "context":{"id":"591bdc7d-dccb-49fe-ab92-6f76a3e3f475", "isDeleted:":"true", "version":"1683055172483"}}
{"logTime": "0503/185750", "correlationVector":"YV+p4SDANAwszr398MnHHd.25","action":"GetUpdates Response", "result":"SYNCER_OK", "context":Received 33 update(s). cV=YV+p4SDANAwszr398MnHHd.0;server=GENERAL0100001C;cloudType=Consumer;environment=Prod_SoutheastAsia_000j;migrationStage=NotStarted}
{"logTime": "0503/185750", "correlationVector":"7iL66vTqJ4gEsbcpbDLgp1","action":"Commit Request", "result":"", "context":Item count: 1
Contributing types: User Consents}
{"logTime": "0503/185750", "correlationVector":"7iL66vTqJ4gEsbcpbDLgp1.1","action":"SyncServerConnectionManagerRequest", "result":"SYNC_SERVER_OK", "context":{"environment":"Prod_SoutheastAsia_000j", "migrationStage":"NotStarted", "server":"general01000009"}}
{"logTime": "0503/185750", "correlationVector":"7iL66vTqJ4gEsbcpbDLgp1.2","action":"Commit Response", "result":"SYNCER_OK", "context":Result: SYNCER_OK. cV=7iL66vTqJ4gEsbcpbDLgp1.0;server=general01000009;cloudType=Consumer;environment=Prod_SoutheastAsia_000j;migrationStage=NotStarted}
{"logTime": "0503/185847", "correlationVector":"ngg06+ZLAwnWA96b3gDluR","action":"Poll GetUpdate request", "result":"", "context":cV=ngg06+ZLAwnWA96b3gDluR}
{"logTime": "0503/185847", "correlationVector":"ngg06+ZLAwnWA96b3gDluR.1","action":"SyncServerConnectionManagerRequest", "result":"SYNC_SERVER_OK", "context":{"environment":"Prod_SoutheastAsia_000j", "migrationStage":"NotStarted", "server":"GENERAL0100001H"}}
{"logTime": "0503/185847", "correlationVector":"ngg06+ZLAwnWA96b3gDluR.2","action":"GetUpdates Response", "result":"SYNCER_OK", "context":Received 0 update(s). cV=ngg06+ZLAwnWA96b3gDluR.0;server=GENERAL0100001H;cloudType=Consumer;environment=Prod_SoutheastAsia_000j;migrationStage=NotStarted}
{"logTime": "0504/132016", "correlationVector":"xnzrZqtAspcFavBr21O4Z8.0","action":"FeedSettingFetch_homeCloud", "result":"0", "context":{}}
{"logTime": "0504/132016", "correlationVector":"xnzrZqtAspcFavBr21O4Z8.0","action":"SyncServerConnectionManagerRequest", "result":"SYNC_SERVER_OK", "context":{"environment":"", "migrationStage":"", "server":""}}
{"logTime": "0504/132016", "correlationVector":"nCTy9jq0n/5Xm6RaxrXlbf","action":"Normal GetUpdate request", "result":"", "context":cV=nCTy9jq0n/5Xm6RaxrXlbf
Nudged types: Device Info, User Consents
Refresh requested types: Bookmarks, Preferences, Passwords, Autofill Profiles, Autofill, Autofill Custom Data, Typed URLs, Extensions, Sessions, Extension settings, History Delete Directives, Device Info, User Consents, Send Tab To Self, Web Apps, Collection, Edge E Drop, Encryption Keys}
{"logTime": "0504/132016", "correlationVector":"nCTy9jq0n/5Xm6RaxrXlbf.1","action":"SyncServerConnectionManagerRequest", "result":"SYNC_SERVER_OK", "context":{"environment":"Prod_SoutheastAsia_000j", "migrationStage":"NotStarted", "server":"GENERAL0100001I"}}
{"logTime": "0504/132016", "correlationVector":"nCTy9jq0n/5Xm6RaxrXlbf.2","action":"GetUpdates Response", "result":"SYNCER_OK", "context":Received 0 update(s). cV=nCTy9jq0n/5Xm6RaxrXlbf.0;server=GENERAL0100001I;cloudType=Consumer;environment=Prod_SoutheastAsia_000j;migrationStage=NotStarted}
{"logTime": "0504/132016", "correlationVector":"Vx8F8X0eOF0tWhbXzUyCce","action":"Commit Request", "result":"", "context":Item count: 1
Contributing types: Device Info}
{"logTime": "0504/132017", "correlationVector":"Vx8F8X0eOF0tWhbXzUyCce.1","action":"SyncServerConnectionManagerRequest", "result":"SYNC_SERVER_OK", "context":{"environment":"Prod_SoutheastAsia_000j", "migrationStage":"NotStarted", "server":"general01000011"}}
{"logTime": "0504/132017", "correlationVector":"Vx8F8X0eOF0tWhbXzUyCce.2","action":"Commit Response", "result":"SYNCER_OK", "context":Result: SYNCER_OK. cV=Vx8F8X0eOF0tWhbXzUyCce.0;server=general01000011;cloudType=Consumer;environment=Prod_SoutheastAsia_000j;migrationStage=NotStarted}
{"logTime": "0504/132017", "correlationVector":"NwnT3U/EkulwMySdtEZuPo","action":"Commit Request", "result":"", "context":Item count: 1
Contributing types: User Consents}
{"logTime": "0504/132017", "correlationVector":"NwnT3U/EkulwMySdtEZuPo.1","action":"SyncServerConnectionManagerRequest", "result":"SYNC_SERVER_OK", "context":{"environment":"Prod_SoutheastAsia_000j", "migrationStage":"NotStarted", "server":"general0100000F"}}
{"logTime": "0504/132017", "correlationVector":"NwnT3U/EkulwMySdtEZuPo.2","action":"Commit Response", "result":"SYNCER_OK", "context":Result: SYNCER_OK. cV=NwnT3U/EkulwMySdtEZuPo.0;server=general0100000F;cloudType=Consumer;environment=Prod_SoutheastAsia_000j;migrationStage=NotStarted}
{"logTime": "0504/132017", "correlationVector":"5J9mdzvOAxk0QZ7hMFC6sH","action":"Commit Request", "result":"", "context":Item count: 1
Contributing types: Extensions}
{"logTime": "0504/132018", "correlationVector":"5J9mdzvOAxk0QZ7hMFC6sH.1","action":"SyncServerConnectionManagerRequest", "result":"SYNC_SERVER_OK", "context":{"environment":"Prod_SoutheastAsia_000j", "migrationStage":"NotStarted", "server":"GENERAL01000004"}}
{"logTime": "0504/132018", "correlationVector":"5J9mdzvOAxk0QZ7hMFC6sH.2","action":"Commit Response", "result":"SYNCER_OK", "context":Result: SYNCER_OK. cV=5J9mdzvOAxk0QZ7hMFC6sH.0;server=GENERAL01000004;cloudType=Consumer;environment=Prod_SoutheastAsia_000j;migrationStage=NotStarted}
{"logTime": "0504/132053", "correlationVector":"XxiXpWTqs0EMkpctrGytiD","action":"Commit Request", "result":"", "context":Item count: 3
Contributing types: Typed URLs, Sessions}
{"logTime": "0504/132053", "correlationVector":"XxiXpWTqs0EMkpctrGytiD.1","action":"SyncServerConnectionManagerRequest", "result":"SYNC_SERVER_OK", "context":{"environment":"Prod_SoutheastAsia_000j", "migrationStage":"NotStarted", "server":"GENERAL0100000Y"}}
{"logTime": "0504/132053", "correlationVector":"XxiXpWTqs0EMkpctrGytiD.2","action":"Commit Response", "result":"SYNCER_OK", "context":Result: SYNCER_OK. cV=XxiXpWTqs0EMkpctrGytiD.0;server=GENERAL0100000Y;cloudType=Consumer;environment=Prod_SoutheastAsia_000j;migrationStage=NotStarted}
{"logTime": "0504/201807", "correlationVector":"OJyFS2bW2cJu3KG2kfK6Ng.0","action":"FeedSettingFetch_homeCloud", "result":"0", "context":{}}
{"logTime": "0504/201807", "correlationVector":"9RGPeApBiEM1KRPw4myaqL","action":"Normal GetUpdate request", "result":"", "context":cV=9RGPeApBiEM1KRPw4myaqL
Nudged types: Sessions, User Consents
Refresh requested types: Bookmarks, Preferences, Passwords, Autofill Profiles, Autofill, Autofill Custom Data, Typed URLs, Extensions, Sessions, Extension settings, History Delete Directives, Device Info, User Consents, Send Tab To Self, Web Apps, Collection, Edge E Drop, Encryption Keys}
{"logTime": "0504/201807", "correlationVector":"9RGPeApBiEM1KRPw4myaqL.1","action":"SyncServerConnectionManagerRequest", "result":"SYNC_SERVER_OK", "context":{"environment":"Prod_SoutheastAsia_000j", "migrationStage":"NotStarted", "server":"GENERAL01000007"}}
{"logTime": "0504/201807", "correlationVector":"9RGPeApBiEM1KRPw4myaqL.2","action":"GetUpdates Response", "result":"SERVER_MORE_TO_DOWNLOAD", "context":Received 250 update(s).  Some updates remain.}
{"logTime": "0504/201807", "correlationVector":"X9W3Rz8G4woULYWnYu3hAZ","action":"Normal GetUpdate request", "result":"", "context":cV=X9W3Rz8G4woULYWnYu3hAZ
Nudged types: Sessions, User Consents
Refresh requested types: Bookmarks, Preferences, Passwords, Autofill Profiles, Autofill, Autofill Custom Data, Typed URLs, Extensions, Sessions, Extension settings, History Delete Directives, Device Info, User Consents, Send Tab To Self, Web Apps, Collection, Edge E Drop, Encryption Keys}
{"logTime": "0504/201807", "correlationVector":"X9W3Rz8G4woULYWnYu3hAZ.1","action":"SyncServerConnectionManagerRequest", "result":"SYNC_SERVER_OK", "context":{"environment":"Prod_SoutheastAsia_000j", "migrationStage":"NotStarted", "server":"GENERAL0100001E"}}
{"logTime": "0504/201807", "correlationVector":"X9W3Rz8G4woULYWnYu3hAZ.2","action":"GetUpdates Response", "result":"SERVER_MORE_TO_DOWNLOAD", "context":Received 250 update(s).  Some updates remain.}
{"logTime": "0504/201807", "correlationVector":"Knk6CviC/knk1QKPOeIsmN","action":"Normal GetUpdate request", "result":"", "context":cV=Knk6CviC/knk1QKPOeIsmN
Nudged types: Sessions, User Consents
Refresh requested types: Bookmarks, Preferences, Passwords, Autofill Profiles, Autofill, Autofill Custom Data, Typed URLs, Extensions, Sessions, Extension settings, History Delete Directives, Device Info, User Consents, Send Tab To Self, Web Apps, Collection, Edge E Drop, Encryption Keys}
{"logTime": "0504/201807", "correlationVector":"Knk6CviC/knk1QKPOeIsmN.1","action":"SyncServerConnectionManagerRequest", "result":"SYNC_SERVER_OK", "context":{"environment":"Prod_SoutheastAsia_000j", "migrationStage":"NotStarted", "server":"GENERAL0100000W"}}
{"logTime": "0504/201807", "correlationVector":"Knk6CviC/knk1QKPOeIsmN.2","action":"GetUpdates Response", "result":"SERVER_MORE_TO_DOWNLOAD", "context":Received 250 update(s).  Some updates remain.}
{"logTime": "0504/201807", "correlationVector":"2lf1i1pJ6NkY2uyZv2XlM+","action":"Normal GetUpdate request", "result":"", "context":cV=2lf1i1pJ6NkY2uyZv2XlM+
Nudged types: Sessions, User Consents
Refresh requested types: Bookmarks, Preferences, Passwords, Autofill Profiles, Autofill, Autofill Custom Data, Typed URLs, Extensions, Sessions, Extension settings, History Delete Directives, Device Info, User Consents, Send Tab To Self, Web Apps, Collection, Edge E Drop, Encryption Keys}
{"logTime": "0504/201808", "correlationVector":"2lf1i1pJ6NkY2uyZv2XlM+.1","action":"SyncServerConnectionManagerRequest", "result":"SYNC_SERVER_OK", "context":{"environment":"Prod_SoutheastAsia_000j", "migrationStage":"NotStarted", "server":"GENERAL0100001C"}}
{"logTime": "0504/201808", "correlationVector":"2lf1i1pJ6NkY2uyZv2XlM+.2","action":"GetUpdates Response", "result":"SERVER_MORE_TO_DOWNLOAD", "context":Received 250 update(s).  Some updates remain.}
{"logTime": "0504/201808", "correlationVector":"mcsUuEI3OdYxuJYmMSgmJk","action":"Normal GetUpdate request", "result":"", "context":cV=mcsUuEI3OdYxuJYmMSgmJk
Nudged types: Sessions, User Consents
Refresh requested types: Bookmarks, Preferences, Passwords, Autofill Profiles, Autofill, Autofill Custom Data, Typed URLs, Extensions, Sessions, Extension settings, History Delete Directives, Device Info, User Consents, Send Tab To Self, Web Apps, Collection, Edge E Drop, Encryption Keys}
{"logTime": "0504/201809", "correlationVector":"mcsUuEI3OdYxuJYmMSgmJk.1","action":"SyncServerConnectionManagerRequest", "result":"SYNC_SERVER_OK", "context":{"environment":"Prod_SoutheastAsia_000j", "migrationStage":"NotStarted", "server":"GENERAL0100000D"}}
{"logTime": "0504/201809", "correlationVector":"mcsUuEI3OdYxuJYmMSgmJk.2","action":"GetUpdates Response", "result":"SERVER_MORE_TO_DOWNLOAD", "context":Received 250 update(s).  Some updates remain.}
{"logTime": "0504/201809", "correlationVector":"uXupr168vu0WKQjiMk2aju","action":"Normal GetUpdate request", "result":"", "context":cV=uXupr168vu0WKQjiMk2aju
Nudged types: Sessions, User Consents
Refresh requested types: Bookmarks, Preferences, Passwords, Autofill Profiles, Autofill, Autofill Custom Data, Typed URLs, Extensions, Sessions, Extension settings, History Delete Directives, Device Info, User Consents, Send Tab To Self, Web Apps, Collection, Edge E Drop, Encryption Keys}
{"logTime": "0504/201809", "correlationVector":"uXupr168vu0WKQjiMk2aju.1","action":"SyncServerConnectionManagerRequest", "result":"SYNC_SERVER_OK", "context":{"environment":"Prod_SoutheastAsia_000j", "migrationStage":"NotStarted", "server":"GENERAL0100001D"}}
{"logTime": "0504/201809", "correlationVector":"uXupr168vu0WKQjiMk2aju.2","action":"GetUpdates Response", "result":"SERVER_MORE_TO_DOWNLOAD", "context":Received 250 update(s).  Some updates remain.}
{"logTime": "0504/201809", "correlationVector":"wh9prIcZpUZt3LgnBG+9nQ","action":"Normal GetUpdate request", "result":"", "context":cV=wh9prIcZpUZt3LgnBG+9nQ
Nudged types: Sessions, User Consents
Refresh requested types: Bookmarks, Preferences, Passwords, Autofill Profiles, Autofill, Autofill Custom Data, Typed URLs, Extensions, Sessions, Extension settings, History Delete Directives, Device Info, User Consents, Send Tab To Self, Web Apps, Collection, Edge E Drop, Encryption Keys}
{"logTime": "0504/201810", "correlationVector":"wh9prIcZpUZt3LgnBG+9nQ.1","action":"SyncServerConnectionManagerRequest", "result":"SYNC_SERVER_OK", "context":{"environment":"Prod_SoutheastAsia_000j", "migrationStage":"NotStarted", "server":"GENERAL0100001C"}}
{"logTime": "0504/201810", "correlationVector":"wh9prIcZpUZt3LgnBG+9nQ.2","action":"GetUpdates", "result":"DeleteReceived", "context":{"id":"f1a324fc-021d-420b-aa0d-8d99f9caf341", "isDeleted:":"true", "version":"1680639965107"}}
{"logTime": "0504/201810", "correlationVector":"wh9prIcZpUZt3LgnBG+9nQ.3","action":"GetUpdates", "result":"DeleteReceived", "context":{"id":"2de29ce5-d5e6-4176-b908-2b63034e11a8", "isDeleted:":"true", "version":"1680639968769"}}
{"logTime": "0504/201810", "correlationVector":"wh9prIcZpUZt3LgnBG+9nQ.4","action":"GetUpdates", "result":"DeleteReceived", "context":{"id":"492cab3a-dc13-4b2b-a2be-3c81c2110cca", "isDeleted:":"true", "version":"1679851927514"}}
{"logTime": "0504/201810", "correlationVector":"wh9prIcZpUZt3LgnBG+9nQ.5","action":"GetUpdates", "result":"DeleteReceived", "context":{"id":"00487b46-68ae-485a-aadf-ef507bb38d8f", "isDeleted:":"true", "version":"1679851927516"}}
{"logTime": "0504/201810", "correlationVector":"wh9prIcZpUZt3LgnBG+9nQ.6","action":"GetUpdates", "result":"DeleteReceived", "context":{"id":"ea7cf06d-031c-4cbc-b1cd-81d7512406b4", "isDeleted:":"true", "version":"1679852138440"}}
{"logTime": "0504/201810", "correlationVector":"wh9prIcZpUZt3LgnBG+9nQ.7","action":"GetUpdates", "result":"DeleteReceived", "context":{"id":"b530cabf-4d0e-4a41-b8ad-604879c892f6", "isDeleted:":"true", "version":"1679852200932"}}
{"logTime": "0504/201810", "correlationVector":"wh9prIcZpUZt3LgnBG+9nQ.8","action":"GetUpdates", "result":"DeleteReceived", "context":{"id":"09a988ee-b474-4e84-bdfc-8af40157b4c4", "isDeleted:":"true", "version":"1679859906098"}}
{"logTime": "0504/201810", "correlationVector":"wh9prIcZpUZt3LgnBG+9nQ.9","action":"GetUpdates", "result":"DeleteReceived", "context":{"id":"7069eb9a-2028-4861-a7b4-b45c09209d26", "isDeleted:":"true", "version":"1679941177153"}}
{"logTime": "0504/201810", "correlationVector":"wh9prIcZpUZt3LgnBG+9nQ.10","action":"GetUpdates", "result":"DeleteReceived", "context":{"id":"fba37b22-aed1-464f-9e7d-8fce7eb397a3", "isDeleted:":"true", "version":"1679941177155"}}
{"logTime": "0504/201810", "correlationVector":"wh9prIcZpUZt3LgnBG+9nQ.11","action":"GetUpdates", "result":"DeleteReceived", "context":{"id":"a552f141-b522-4165-a9b0-0955a99d5421", "isDeleted:":"true", "version":"1680032277956"}}
{"logTime": "0504/201810", "correlationVector":"wh9prIcZpUZt3LgnBG+9nQ.12","action":"GetUpdates", "result":"DeleteReceived", "context":{"id":"ffc0a286-899a-4d9f-920e-328339c53883", "isDeleted:":"true", "version":"1680032277958"}}
{"logTime": "0504/201810", "correlationVector":"wh9prIcZpUZt3LgnBG+9nQ.13","action":"GetUpdates", "result":"DeleteReceived", "context":{"id":"a1acd6b9-72de-41cd-a7d7-af4cc5e9166f", "isDeleted:":"true", "version":"1680164458112"}}
{"logTime": "0504/201810", "correlationVector":"wh9prIcZpUZt3LgnBG+9nQ.14","action":"GetUpdates", "result":"DeleteReceived", "context":{"id":"dbc8878f-7d27-4e52-a6b9-d9785c7cdcc7", "isDeleted:":"true", "version":"1680185871780"}}
{"logTime": "0504/201810", "correlationVector":"wh9prIcZpUZt3LgnBG+9nQ.15","action":"GetUpdates", "result":"DeleteReceived", "context":{"id":"6cda42ac-6060-4fd9-99be-69ba5ea200c5", "isDeleted:":"true", "version":"1680202407886"}}
{"logTime": "0504/201810", "correlationVector":"wh9prIcZpUZt3LgnBG+9nQ.16","action":"GetUpdates", "result":"DeleteReceived", "context":{"id":"c8abc451-f420-4ba8-9b79-a7efd97f3065", "isDeleted:":"true", "version":"1680238578173"}}
{"logTime": "0504/201810", "correlationVector":"wh9prIcZpUZt3LgnBG+9nQ.17","action":"GetUpdates", "result":"DeleteReceived", "context":{"id":"9cf9e906-5ed6-4b35-870b-cf1e1401df7b", "isDeleted:":"true", "version":"1680238578175"}}
{"logTime": "0504/201810", "correlationVector":"wh9prIcZpUZt3LgnBG+9nQ.18","action":"GetUpdates", "result":"DeleteReceived", "context":{"id":"0da76937-bca1-4c0b-ab17-80ca4eb59b38", "isDeleted:":"true", "version":"1680240982557"}}
{"logTime": "0504/201810", "correlationVector":"wh9prIcZpUZt3LgnBG+9nQ.19","action":"GetUpdates", "result":"DeleteReceived", "context":{"id":"0e9bca06-372f-4d49-98be-bc9df59bed9f", "isDeleted:":"true", "version":"1680287149831"}}
{"logTime": "0504/201810", "correlationVector":"wh9prIcZpUZt3LgnBG+9nQ.20","action":"GetUpdates", "result":"DeleteReceived", "context":{"id":"28b0a782-d09c-4a32-a23c-b6d13a61c501", "isDeleted:":"true", "version":"1680287149832"}}
{"logTime": "0504/201810", "correlationVector":"wh9prIcZpUZt3LgnBG+9nQ.21","action":"GetUpdates", "result":"DeleteReceived", "context":{"id":"9521c473-25b5-487e-b228-865566fa3bcb", "isDeleted:":"true", "version":"1680324730273"}}
{"logTime": "0504/201810", "correlationVector":"wh9prIcZpUZt3LgnBG+9nQ.22","action":"GetUpdates", "result":"DeleteReceived", "context":{"id":"0b9e003c-6968-4a2d-b2b6-85f51acbe39b", "isDeleted:":"true", "version":"1680324730275"}}
{"logTime": "0504/201810", "correlationVector":"wh9prIcZpUZt3LgnBG+9nQ.23","action":"GetUpdates", "result":"DeleteReceived", "context":{"id":"43954344-e1b3-499e-9439-1daffa1ebebc", "isDeleted:":"true", "version":"1680376167391"}}
{"logTime": "0504/201810", "correlationVector":"wh9prIcZpUZt3LgnBG+9nQ.24","action":"GetUpdates", "result":"DeleteReceived", "context":{"id":"7504b96f-26a5-4d95-a02b-f3b723015f1a", "isDeleted:":"true", "version":"1680376900553"}}
{"logTime": "0504/201810", "correlationVector":"wh9prIcZpUZt3LgnBG+9nQ.25","action":"GetUpdates", "result":"DeleteReceived", "context":{"id":"ce7eb815-6fd8-4075-ab5a-8a83cbf8ab29", "isDeleted:":"true", "version":"1680420522606"}}
{"logTime": "0504/201810", "correlationVector":"wh9prIcZpUZt3LgnBG+9nQ.26","action":"GetUpdates", "result":"DeleteReceived", "context":{"id":"2bb4db0f-48fe-48bf-85ca-a76d59c37f5c", "isDeleted:":"true", "version":"1680448069622"}}
{"logTime": "0504/201810", "correlationVector":"wh9prIcZpUZt3LgnBG+9nQ.27","action":"GetUpdates", "result":"DeleteReceived", "context":{"id":"6b5b079a-1714-429c-916d-8a516571942c", "isDeleted:":"true", "version":"1680465105670"}}
{"logTime": "0504/201810", "correlationVector":"wh9prIcZpUZt3LgnBG+9nQ.28","action":"GetUpdates", "result":"DeleteReceived", "context":{"id":"afa692dd-032d-49a1-a82e-bcfe17d6ef49", "isDeleted:":"true", "version":"1680602081927"}}
{"logTime": "0504/201810", "correlationVector":"wh9prIcZpUZt3LgnBG+9nQ.29","action":"GetUpdates", "result":"DeleteReceived", "context":{"id":"4313ff5a-597f-432b-b933-c495548779dd", "isDeleted:":"true", "version":"1680624518132"}}
{"logTime": "0504/201810", "correlationVector":"wh9prIcZpUZt3LgnBG+9nQ.30","action":"GetUpdates", "result":"DeleteReceived", "context":{"id":"15778a14-74ab-4e4a-8e71-9973eff5eb63", "isDeleted:":"true", "version":"1680630538247"}}
{"logTime": "0504/201810", "correlationVector":"wh9prIcZpUZt3LgnBG+9nQ.31","action":"GetUpdates", "result":"DeleteReceived", "context":{"id":"bd0b3c39-a93a-418c-8338-4840e47d9c9d", "isDeleted:":"true", "version":"1680630538248"}}
{"logTime": "0504/201810", "correlationVector":"wh9prIcZpUZt3LgnBG+9nQ.32","action":"GetUpdates", "result":"DeleteReceived", "context":{"id":"bb7ad007-9d9e-442e-aa12-b4315c56dd1c", "isDeleted:":"true", "version":"1680630538250"}}
{"logTime": "0504/201810", "correlationVector":"wh9prIcZpUZt3LgnBG+9nQ.33","action":"GetUpdates", "result":"DeleteReceived", "context":{"id":"ddb7cdb7-965b-4112-b6e9-fb2a307834e5", "isDeleted:":"true", "version":"1680630845835"}}
{"logTime": "0504/201810", "correlationVector":"wh9prIcZpUZt3LgnBG+9nQ.34","action":"GetUpdates", "result":"DeleteReceived", "context":{"id":"74d8f02e-418c-469f-8a7d-9f34a9de97a6", "isDeleted:":"true", "version":"1680638954209"}}
{"logTime": "0504/201810", "correlationVector":"wh9prIcZpUZt3LgnBG+9nQ.35","action":"GetUpdates", "result":"DeleteReceived", "context":{"id":"77017654-28dc-40f0-879b-4ae84db3df74", "isDeleted:":"true", "version":"1680638954210"}}
{"logTime": "0504/201810", "correlationVector":"wh9prIcZpUZt3LgnBG+9nQ.36","action":"GetUpdates", "result":"DeleteReceived", "context":{"id":"daf77bb5-99b3-47b2-9b6d-af94ac603c46", "isDeleted:":"true", "version":"1680638954212"}}
{"logTime": "0504/201810", "correlationVector":"wh9prIcZpUZt3LgnBG+9nQ.37","action":"GetUpdates", "result":"DeleteReceived", "context":{"id":"90fc288e-bd1b-4cf8-929c-6f6fe1e318f6", "isDeleted:":"true", "version":"1680639965108"}}
{"logTime": "0504/201810", "correlationVector":"wh9prIcZpUZt3LgnBG+9nQ.38","action":"GetUpdates", "result":"DeleteReceived", "context":{"id":"9d7030e6-4700-41be-97e8-80a834ff8adc", "isDeleted:":"true", "version":"1680796863168"}}
{"logTime": "0504/201810", "correlationVector":"wh9prIcZpUZt3LgnBG+9nQ.39","action":"GetUpdates", "result":"DeleteReceived", "context":{"id":"0f763bc1-48b3-42c5-916b-08258bc21f8e", "isDeleted:":"true", "version":"1680803836844"}}
{"logTime": "0504/201810", "correlationVector":"wh9prIcZpUZt3LgnBG+9nQ.40","action":"GetUpdates", "result":"DeleteReceived", "context":{"id":"783169e7-c9fe-4883-a54f-977d1d92f73f", "isDeleted:":"true", "version":"1680804187737"}}
{"logTime": "0504/201810", "correlationVector":"wh9prIcZpUZt3LgnBG+9nQ.41","action":"GetUpdates", "result":"DeleteReceived", "context":{"id":"821b851b-51fe-4b11-acb2-a889bd6f94a1", "isDeleted:":"true", "version":"1680804187739"}}
{"logTime": "0504/201810", "correlationVector":"wh9prIcZpUZt3LgnBG+9nQ.42","action":"GetUpdates", "result":"DeleteReceived", "context":{"id":"49d4b8db-bce4-4fb7-a203-8fdde7a77b2e", "isDeleted:":"true", "version":"1680900108275"}}
{"logTime": "0504/201810", "correlationVector":"wh9prIcZpUZt3LgnBG+9nQ.43","action":"GetUpdates", "result":"DeleteReceived", "context":{"id":"a35c672f-7c70-41f0-9502-8040cdf3b4da", "isDeleted:":"true", "version":"1680900108277"}}
{"logTime": "0504/201810", "correlationVector":"wh9prIcZpUZt3LgnBG+9nQ.44","action":"GetUpdates", "result":"DeleteReceived", "context":{"id":"27058783-2f26-4583-bda2-1acbfb60afaf", "isDeleted:":"true", "version":"1680900108278"}}
{"logTime": "0504/201810", "correlationVector":"wh9prIcZpUZt3LgnBG+9nQ.45","action":"GetUpdates", "result":"DeleteReceived", "context":{"id":"0caea653-0c4c-418b-9590-94aecf289b1c", "isDeleted:":"true", "version":"1680900108281"}}
{"logTime": "0504/201810", "correlationVector":"wh9prIcZpUZt3LgnBG+9nQ.46","action":"GetUpdates", "result":"DeleteReceived", "context":{"id":"10002761-ad43-4e54-bf89-311ae5bd3d17", "isDeleted:":"true", "version":"1680900108282"}}
{"logTime": "0504/201810", "correlationVector":"wh9prIcZpUZt3LgnBG+9nQ.47","action":"GetUpdates", "result":"DeleteReceived", "context":{"id":"d22ee140-46a8-4bc0-ba18-dcba126c9abf", "isDeleted:":"true", "version":"1680900140069"}}
{"logTime": "0504/201810", "correlationVector":"wh9prIcZpUZt3LgnBG+9nQ.48","action":"GetUpdates", "result":"DeleteReceived", "context":{"id":"6b86cb55-bdf7-4921-99b6-3930fa045de9", "isDeleted:":"true", "version":"1680900314253"}}
{"logTime": "0504/201810", "correlationVector":"wh9prIcZpUZt3LgnBG+9nQ.49","action":"GetUpdates", "result":"DeleteReceived", "context":{"id":"d3b8a2d1-1263-44fe-8ab9-c3eb0977b207", "isDeleted:":"true", "version":"1680987050174"}}
{"logTime": "0504/201810", "correlationVector":"wh9prIcZpUZt3LgnBG+9nQ.50","action":"GetUpdates", "result":"DeleteReceived", "context":{"id":"a38836f8-07d1-457c-afbb-62a4a222e843", "isDeleted:":"true", "version":"1680987050175"}}
{"logTime": "0504/201810", "correlationVector":"wh9prIcZpUZt3LgnBG+9nQ.51","action":"GetUpdates", "result":"DeleteReceived", "context":{"id":"d2eb26bd-9d09-4733-830b-18f76479dc88", "isDeleted:":"true", "version":"1680987050176"}}
{"logTime": "0504/201810", "correlationVector":"wh9prIcZpUZt3LgnBG+9nQ.52","action":"GetUpdates", "result":"DeleteReceived", "context":{"id":"16540200-a16b-4aef-abbe-cf43f4d000a8", "isDeleted:":"true", "version":"1680987487988"}}
{"logTime": "0504/201810", "correlationVector":"wh9prIcZpUZt3LgnBG+9nQ.53","action":"GetUpdates", "result":"DeleteReceived", "context":{"id":"884f1807-5262-431b-9705-c7fd2f693596", "isDeleted:":"true", "version":"1680987618612"}}
{"logTime": "0504/201810", "correlationVector":"wh9prIcZpUZt3LgnBG+9nQ.54","action":"GetUpdates", "result":"DeleteReceived", "context":{"id":"6c74713e-eaf6-49fe-a72b-83cef5c527b3", "isDeleted:":"true", "version":"1680987618613"}}
{"logTime": "0504/201810", "correlationVector":"wh9prIcZpUZt3LgnBG+9nQ.55","action":"GetUpdates Response", "result":"SERVER_MORE_TO_DOWNLOAD", "context":Received 250 update(s).  Some updates remain.}
{"logTime": "0504/201810", "correlationVector":"lhJ+ypTYlhNxmpeIBeWszc","action":"Normal GetUpdate request", "result":"", "context":cV=lhJ+ypTYlhNxmpeIBeWszc
Nudged types: Sessions, User Consents
Refresh requested types: Bookmarks, Preferences, Passwords, Autofill Profiles, Autofill, Autofill Custom Data, Typed URLs, Extensions, Sessions, Extension settings, History Delete Directives, Device Info, User Consents, Send Tab To Self, Web Apps, Collection, Edge E Drop, Encryption Keys}
{"logTime": "0504/201810", "correlationVector":"lhJ+ypTYlhNxmpeIBeWszc.1","action":"SyncServerConnectionManagerRequest", "result":"SYNC_SERVER_OK", "context":{"environment":"Prod_SoutheastAsia_000j", "migrationStage":"NotStarted", "server":"GENERAL01000014"}}
{"logTime": "0504/201810", "correlationVector":"lhJ+ypTYlhNxmpeIBeWszc.2","action":"GetUpdates", "result":"DeleteReceived", "context":{"id":"3018bdeb-2045-4457-bed3-fabb1ac0dd48", "isDeleted:":"true", "version":"1682951321999"}}
{"logTime": "0504/201810", "correlationVector":"lhJ+ypTYlhNxmpeIBeWszc.3","action":"GetUpdates", "result":"DeleteReceived", "context":{"id":"8b368c59-96bd-4e6e-a4bc-8eaf19ec2eab", "isDeleted:":"true", "version":"1681065351506"}}
{"logTime": "0504/201810", "correlationVector":"lhJ+ypTYlhNxmpeIBeWszc.4","action":"GetUpdates", "result":"DeleteReceived", "context":{"id":"96996de9-4d21-4a0d-81e4-ad713cc73d1d", "isDeleted:":"true", "version":"1681070511549"}}
{"logTime": "0504/201810", "correlationVector":"lhJ+ypTYlhNxmpeIBeWszc.5","action":"GetUpdates", "result":"DeleteReceived", "context":{"id":"f19eb445-6674-4fb8-8f0a-79f1c3a4215c", "isDeleted:":"true", "version":"1681070715381"}}
{"logTime": "0504/201810", "correlationVector":"lhJ+ypTYlhNxmpeIBeWszc.6","action":"GetUpdates", "result":"DeleteReceived", "context":{"id":"aa0ab29a-e5a3-4683-b536-a7955e38ccb3", "isDeleted:":"true", "version":"1681071069157"}}
{"logTime": "0504/201810", "correlationVector":"lhJ+ypTYlhNxmpeIBeWszc.7","action":"GetUpdates", "result":"DeleteReceived", "context":{"id":"261c1a97-5eeb-4a78-8a53-0bbc6666681c", "isDeleted:":"true", "version":"1681153271570"}}
{"logTime": "0504/201810", "correlationVector":"lhJ+ypTYlhNxmpeIBeWszc.8","action":"GetUpdates", "result":"DeleteReceived", "context":{"id":"ae5e97ad-4dfc-4102-ac5d-469863cac1f6", "isDeleted:":"true", "version":"1681153764566"}}
{"logTime": "0504/201810", "correlationVector":"lhJ+ypTYlhNxmpeIBeWszc.9","action":"GetUpdates", "result":"DeleteReceived", "context":{"id":"61813ed2-ae19-480b-8f18-3e6366092620", "isDeleted:":"true", "version":"1681153764567"}}
{"logTime": "0504/201810", "correlationVector":"lhJ+ypTYlhNxmpeIBeWszc.10","action":"GetUpdates", "result":"DeleteReceived", "context":{"id":"c218496d-ae41-4652-a93d-c9b2bdce84f4", "isDeleted:":"true", "version":"1681208032289"}}
{"logTime": "0504/201810", "correlationVector":"lhJ+ypTYlhNxmpeIBeWszc.11","action":"GetUpdates", "result":"DeleteReceived", "context":{"id":"da6771f2-8165-4d69-a1e3-aac672e9ffdf", "isDeleted:":"true", "version":"1681208032290"}}
{"logTime": "0504/201810", "correlationVector":"lhJ+ypTYlhNxmpeIBeWszc.12","action":"GetUpdates", "result":"DeleteReceived", "context":{"id":"f3faa440-c9bf-4c61-8253-632512e3e097", "isDeleted:":"true", "version":"1681238919254"}}
{"logTime": "0504/201810", "correlationVector":"lhJ+ypTYlhNxmpeIBeWszc.13","action":"GetUpdates", "result":"DeleteReceived", "context":{"id":"2eec989f-0be4-4c88-b677-11ad4cb1fd55", "isDeleted:":"true", "version":"1681239283889"}}
{"logTime": "0504/201810", "correlationVector":"lhJ+ypTYlhNxmpeIBeWszc.14","action":"GetUpdates", "result":"DeleteReceived", "context":{"id":"03bd9204-150d-4709-b92d-45c1c47f8aa7", "isDeleted:":"true", "version":"1681239283890"}}
{"logTime": "0504/201810", "correlationVector":"lhJ+ypTYlhNxmpeIBeWszc.15","action":"GetUpdates", "result":"DeleteReceived", "context":{"id":"0924f3f0-a9f8-4bcb-af98-274215ceed4d", "isDeleted:":"true", "version":"1681325519478"}}
{"logTime": "0504/201810", "correlationVector":"lhJ+ypTYlhNxmpeIBeWszc.16","action":"GetUpdates", "result":"DeleteReceived", "context":{"id":"fa6408af-b393-4f94-8536-b7b1fc193462", "isDeleted:":"true", "version":"1681325519479"}}
{"logTime": "0504/201810", "correlationVector":"lhJ+ypTYlhNxmpeIBeWszc.17","action":"GetUpdates", "result":"DeleteReceived", "context":{"id":"0c256c65-2ad0-4376-970b-636c4872e755", "isDeleted:":"true", "version":"1681366240819"}}
{"logTime": "0504/201810", "correlationVector":"lhJ+ypTYlhNxmpeIBeWszc.18","action":"GetUpdates", "result":"DeleteReceived", "context":{"id":"0c396fe5-dc98-4e7a-9d95-b9ee46ae385b", "isDeleted:":"true", "version":"1681410308988"}}
{"logTime": "0504/201810", "correlationVector":"lhJ+ypTYlhNxmpeIBeWszc.19","action":"GetUpdates", "result":"DeleteReceived", "context":{"id":"042609de-fcb0-4cce-a74f-6cf2112da1e4", "isDeleted:":"true", "version":"1681410308989"}}
{"logTime": "0504/201810", "correlationVector":"lhJ+ypTYlhNxmpeIBeWszc.20","action":"GetUpdates", "result":"DeleteReceived", "context":{"id":"8158fc21-ff47-4f9f-a12d-6326eb60eb3c", "isDeleted:":"true", "version":"1681497234356"}}
{"logTime": "0504/201810", "correlationVector":"lhJ+ypTYlhNxmpeIBeWszc.21","action":"GetUpdates", "result":"DeleteReceived", "context":{"id":"6ecd900a-41c1-4549-b02e-3da8bf72a460", "isDeleted:":"true", "version":"1681499399630"}}
{"logTime": "0504/201810", "correlationVector":"lhJ+ypTYlhNxmpeIBeWszc.22","action":"GetUpdates", "result":"DeleteReceived", "context":{"id":"02a6dcef-45da-4683-a221-ff935b6b9662", "isDeleted:":"true", "version":"1681499399631"}}
{"logTime": "0504/201810", "correlationVector":"lhJ+ypTYlhNxmpeIBeWszc.23","action":"GetUpdates", "result":"DeleteReceived", "context":{"id":"74fa1196-8802-4eb9-b792-57217cb32260", "isDeleted:":"true", "version":"1681499399632"}}
{"logTime": "0504/201810", "correlationVector":"lhJ+ypTYlhNxmpeIBeWszc.24","action":"GetUpdates", "result":"DeleteReceived", "context":{"id":"9be8926c-d89e-4be3-a567-e5db8a90b09c", "isDeleted:":"true", "version":"1681585468227"}}
{"logTime": "0504/201810", "correlationVector":"lhJ+ypTYlhNxmpeIBeWszc.25","action":"GetUpdates", "result":"DeleteReceived", "context":{"id":"03bf9a45-3f2a-49b6-a94b-ee46e8211eb1", "isDeleted:":"true", "version":"1681585468228"}}
{"logTime": "0504/201810", "correlationVector":"lhJ+ypTYlhNxmpeIBeWszc.26","action":"GetUpdates", "result":"DeleteReceived", "context":{"id":"68988e12-d7ab-4a47-ae2c-ef501254c1db", "isDeleted:":"true", "version":"1681585468229"}}
{"logTime": "0504/201810", "correlationVector":"lhJ+ypTYlhNxmpeIBeWszc.27","action":"GetUpdates", "result":"DeleteReceived", "context":{"id":"9dabf8d4-497b-4869-9d5a-af00329fb856", "isDeleted:":"true", "version":"1681587007576"}}
{"logTime": "0504/201810", "correlationVector":"lhJ+ypTYlhNxmpeIBeWszc.28","action":"GetUpdates", "result":"DeleteReceived", "context":{"id":"3a194da6-2fcd-4d2d-9554-99b1a3f52c45", "isDeleted:":"true", "version":"1681587007577"}}
{"logTime": "0504/201810", "correlationVector":"lhJ+ypTYlhNxmpeIBeWszc.29","action":"GetUpdates", "result":"DeleteReceived", "context":{"id":"6622d41e-f11c-4536-81fc-665d95ba5a35", "isDeleted:":"true", "version":"1681589022230"}}
{"logTime": "0504/201810", "correlationVector":"lhJ+ypTYlhNxmpeIBeWszc.30","action":"GetUpdates", "result":"DeleteReceived", "context":{"id":"71075a5a-1e14-4c68-85d4-b9bde18d31e8", "isDeleted:":"true", "version":"1681589022231"}}
{"logTime": "0504/201810", "correlationVector":"lhJ+ypTYlhNxmpeIBeWszc.31","action":"GetUpdates", "result":"DeleteReceived", "context":{"id":"bb6401a5-1434-4626-90c5-61dda4019c44", "isDeleted:":"true", "version":"1681589311308"}}
{"logTime": "0504/201810", "correlationVector":"lhJ+ypTYlhNxmpeIBeWszc.32","action":"GetUpdates", "result":"DeleteReceived", "context":{"id":"b0e751a0-6651-49e4-be51-5b6e3dae9cb5", "isDeleted:":"true", "version":"1681589345344"}}
{"logTime": "0504/201810", "correlationVector":"lhJ+ypTYlhNxmpeIBeWszc.33","action":"GetUpdates", "result":"DeleteReceived", "context":{"id":"80672388-18db-4143-b2db-3e585adbde19", "isDeleted:":"true", "version":"1681630443307"}}
{"logTime": "0504/201810", "correlationVector":"lhJ+ypTYlhNxmpeIBeWszc.34","action":"GetUpdates", "result":"DeleteReceived", "context":{"id":"ae1ce398-181a-4425-b655-3a00d7a02a11", "isDeleted:":"true", "version":"1681630443308"}}
{"logTime": "0504/201810", "correlationVector":"lhJ+ypTYlhNxmpeIBeWszc.35","action":"GetUpdates", "result":"DeleteReceived", "context":{"id":"c7e7d31d-20f9-4511-a93b-916f11d04d1a", "isDeleted:":"true", "version":"1681630443309"}}
{"logTime": "0504/201810", "correlationVector":"lhJ+ypTYlhNxmpeIBeWszc.36","action":"GetUpdates", "result":"DeleteReceived", "context":{"id":"cecc4e55-d68d-49b6-acf9-56aabb2c2fda", "isDeleted:":"true", "version":"1681674042950"}}
{"logTime": "0504/201810", "correlationVector":"lhJ+ypTYlhNxmpeIBeWszc.37","action":"GetUpdates", "result":"DeleteReceived", "context":{"id":"00a3820e-ce82-4a00-8da5-89d11acde2f0", "isDeleted:":"true", "version":"1681674492269"}}
{"logTime": "0504/201810", "correlationVector":"lhJ+ypTYlhNxmpeIBeWszc.38","action":"GetUpdates", "result":"DeleteReceived", "context":{"id":"ea63ae12-a510-438b-9031-4961d10bc3ca", "isDeleted:":"true", "version":"1681674492270"}}
{"logTime": "0504/201810", "correlationVector":"lhJ+ypTYlhNxmpeIBeWszc.39","action":"GetUpdates", "result":"DeleteReceived", "context":{"id":"4e244a47-a22b-4d7a-9557-18ba80382ac9", "isDeleted:":"true", "version":"1681710425623"}}
{"logTime": "0504/201810", "correlationVector":"lhJ+ypTYlhNxmpeIBeWszc.40","action":"GetUpdates", "result":"DeleteReceived", "context":{"id":"c3873609-e324-4405-b681-cd8590565f95", "isDeleted:":"true", "version":"1681711322208"}}
{"logTime": "0504/201810", "correlationVector":"lhJ+ypTYlhNxmpeIBeWszc.41","action":"GetUpdates", "result":"DeleteReceived", "context":{"id":"c97f8bb2-7388-4c14-b387-c22829585656", "isDeleted:":"true", "version":"1681757102868"}}
{"logTime": "0504/201810", "correlationVector":"lhJ+ypTYlhNxmpeIBeWszc.42","action":"GetUpdates", "result":"DeleteReceived", "context":{"id":"4087485d-40e0-488a-b9f7-d2a6b233c70c", "isDeleted:":"true", "version":"1681757102869"}}
{"logTime": "0504/201810", "correlationVector":"lhJ+ypTYlhNxmpeIBeWszc.43","action":"GetUpdates", "result":"DeleteReceived", "context":{"id":"a2f1ee60-f5b7-4bb7-a1b6-ef3b33d373fe", "isDeleted:":"true", "version":"1681757558741"}}
{"logTime": "0504/201810", "correlationVector":"lhJ+ypTYlhNxmpeIBeWszc.44","action":"GetUpdates", "result":"DeleteReceived", "context":{"id":"087fe5fb-4693-4bd1-9cd0-4297c298865c", "isDeleted:":"true", "version":"1681757558742"}}
{"logTime": "0504/201810", "correlationVector":"lhJ+ypTYlhNxmpeIBeWszc.45","action":"GetUpdates", "result":"DeleteReceived", "context":{"id":"a4cb705c-d808-4eff-886d-aadbec5356ec", "isDeleted:":"true", "version":"1681843872674"}}
{"logTime": "0504/201810", "correlationVector":"lhJ+ypTYlhNxmpeIBeWszc.46","action":"GetUpdates", "result":"DeleteReceived", "context":{"id":"538c7912-dc44-4e6a-845e-74e247c56019", "isDeleted:":"true", "version":"1681844147488"}}
{"logTime": "0504/201810", "correlationVector":"lhJ+ypTYlhNxmpeIBeWszc.47","action":"GetUpdates", "result":"DeleteReceived", "context":{"id":"7e2603df-4ec5-494a-89ee-74cb094bad6f", "isDeleted:":"true", "version":"1681929754201"}}
{"logTime": "0504/201810", "correlationVector":"lhJ+ypTYlhNxmpeIBeWszc.48","action":"GetUpdates", "result":"DeleteReceived", "context":{"id":"1309c96e-d247-4e48-8b19-9899884bceca", "isDeleted:":"true", "version":"1681929754202"}}
{"logTime": "0504/201810", "correlationVector":"lhJ+ypTYlhNxmpeIBeWszc.49","action":"GetUpdates", "result":"DeleteReceived", "context":{"id":"692c06a1-cb9d-4c5e-a510-a7f3d8fd0835", "isDeleted:":"true", "version":"1682017102908"}}
{"logTime": "0504/201810", "correlationVector":"lhJ+ypTYlhNxmpeIBeWszc.50","action":"GetUpdates", "result":"DeleteReceived", "context":{"id":"12ca9fa7-e0f9-40ae-a4ab-e7ccd5cb576d", "isDeleted:":"true", "version":"1682017615760"}}
{"logTime": "0504/201810", "correlationVector":"lhJ+ypTYlhNxmpeIBeWszc.51","action":"GetUpdates", "result":"DeleteReceived", "context":{"id":"596fe940-80ea-422d-a7ad-c2f7ec5bfc3e", "isDeleted:":"true", "version":"1682017615761"}}
{"logTime": "0504/201810", "correlationVector":"lhJ+ypTYlhNxmpeIBeWszc.52","action":"GetUpdates", "result":"DeleteReceived", "context":{"id":"a5a33611-1c4b-4927-bbbf-9835622f4776", "isDeleted:":"true", "version":"1682017615762"}}
{"logTime": "0504/201810", "correlationVector":"lhJ+ypTYlhNxmpeIBeWszc.53","action":"GetUpdates", "result":"DeleteReceived", "context":{"id":"1064cd8e-bdd9-46ec-9d21-93dcca03ff6d", "isDeleted:":"true", "version":"1682017615763"}}
{"logTime": "0504/201810", "correlationVector":"lhJ+ypTYlhNxmpeIBeWszc.54","action":"GetUpdates", "result":"DeleteReceived", "context":{"id":"f659b566-9fe9-4439-8f33-355fded68e3e", "isDeleted:":"true", "version":"1682056004449"}}
{"logTime": "0504/201810", "correlationVector":"lhJ+ypTYlhNxmpeIBeWszc.55","action":"GetUpdates", "result":"DeleteReceived", "context":{"id":"7122d734-bb61-4120-8778-62baa082937c", "isDeleted:":"true", "version":"1682056004451"}}
{"logTime": "0504/201810", "correlationVector":"lhJ+ypTYlhNxmpeIBeWszc.56","action":"GetUpdates", "result":"DeleteReceived", "context":{"id":"63b7378e-0ec0-41f4-b0df-78df4c602a9c", "isDeleted:":"true", "version":"1682103449646"}}
{"logTime": "0504/201810", "correlationVector":"lhJ+ypTYlhNxmpeIBeWszc.57","action":"GetUpdates", "result":"DeleteReceived", "context":{"id":"e3810ddf-0ed0-416f-9bd6-43a0fc79d3fc", "isDeleted:":"true", "version":"1682103897193"}}
{"logTime": "0504/201810", "correlationVector":"lhJ+ypTYlhNxmpeIBeWszc.58","action":"GetUpdates", "result":"DeleteReceived", "context":{"id":"aeda5ac0-a75b-4665-a688-7d5f8a277881", "isDeleted:":"true", "version":"1682103978864"}}
{"logTime": "0504/201810", "correlationVector":"lhJ+ypTYlhNxmpeIBeWszc.59","action":"GetUpdates", "result":"DeleteReceived", "context":{"id":"58391079-df6c-4f04-8a4e-cdf461059ec3", "isDeleted:":"true", "version":"1682103978865"}}
{"logTime": "0504/201810", "correlationVector":"lhJ+ypTYlhNxmpeIBeWszc.60","action":"GetUpdates", "result":"DeleteReceived", "context":{"id":"f5c30ba3-6c27-4834-b16b-840e706a3eb0", "isDeleted:":"true", "version":"1682103978866"}}
{"logTime": "0504/201810", "correlationVector":"lhJ+ypTYlhNxmpeIBeWszc.61","action":"GetUpdates", "result":"DeleteReceived", "context":{"id":"64ded6c3-ae88-4b46-8804-5fb8f6242755", "isDeleted:":"true", "version":"1682360546531"}}
{"logTime": "0504/201810", "correlationVector":"lhJ+ypTYlhNxmpeIBeWszc.62","action":"GetUpdates", "result":"DeleteReceived", "context":{"id":"ab2aec82-bde7-4e6f-8927-84d919324b0d", "isDeleted:":"true", "version":"1682360840283"}}
{"logTime": "0504/201810", "correlationVector":"lhJ+ypTYlhNxmpeIBeWszc.63","action":"GetUpdates", "result":"DeleteReceived", "context":{"id":"dc08ffea-3e03-4436-a435-03e93690f388", "isDeleted:":"true", "version":"1682360840284"}}
{"logTime": "0504/201810", "correlationVector":"lhJ+ypTYlhNxmpeIBeWszc.64","action":"GetUpdates", "result":"DeleteReceived", "context":{"id":"18448cc1-301a-4d5f-85fa-0a9597252d3a", "isDeleted:":"true", "version":"1682360856414"}}
{"logTime": "0504/201810", "correlationVector":"lhJ+ypTYlhNxmpeIBeWszc.65","action":"GetUpdates", "result":"DeleteReceived", "context":{"id":"58ea10d2-944b-49a7-89f4-00d47dda44c5", "isDeleted:":"true", "version":"1682444985499"}}
{"logTime": "0504/201810", "correlationVector":"lhJ+ypTYlhNxmpeIBeWszc.66","action":"GetUpdates", "result":"DeleteReceived", "context":{"id":"df0234ae-ae87-4187-a661-2984ca722f11", "isDeleted:":"true", "version":"1682445318478"}}
{"logTime": "0504/201810", "correlationVector":"lhJ+ypTYlhNxmpeIBeWszc.67","action":"GetUpdates", "result":"DeleteReceived", "context":{"id":"278b6285-2dd5-494f-9c3c-c56b4790dacd", "isDeleted:":"true", "version":"1682445318479"}}
{"logTime": "0504/201810", "correlationVector":"lhJ+ypTYlhNxmpeIBeWszc.68","action":"GetUpdates", "result":"DeleteReceived", "context":{"id":"72d7d439-c2c3-4bbd-afb7-8a15d5103685", "isDeleted:":"true", "version":"1682445318480"}}
{"logTime": "0504/201810", "correlationVector":"lhJ+ypTYlhNxmpeIBeWszc.69","action":"GetUpdates", "result":"DeleteReceived", "context":{"id":"3d9807b6-6554-450f-8116-84c39b7b2cc0", "isDeleted:":"true", "version":"1682542139035"}}
{"logTime": "0504/201810", "correlationVector":"lhJ+ypTYlhNxmpeIBeWszc.70","action":"GetUpdates", "result":"DeleteReceived", "context":{"id":"86f09f20-e9f9-424e-93fb-1fa6cbded759", "isDeleted:":"true", "version":"1682542139036"}}
{"logTime": "0504/201810", "correlationVector":"lhJ+ypTYlhNxmpeIBeWszc.71","action":"GetUpdates", "result":"DeleteReceived", "context":{"id":"2d0a82be-ac6a-4e4e-afd8-1682f4a5105f", "isDeleted:":"true", "version":"1682542139037"}}
{"logTime": "0504/201810", "correlationVector":"lhJ+ypTYlhNxmpeIBeWszc.72","action":"GetUpdates", "result":"DeleteReceived", "context":{"id":"688d97ab-4ddb-426e-ad42-ba4cf0a91e7a", "isDeleted:":"true", "version":"1682628661447"}}
{"logTime": "0504/201810", "correlationVector":"lhJ+ypTYlhNxmpeIBeWszc.73","action":"GetUpdates", "result":"DeleteReceived", "context":{"id":"5fc9de97-5547-4b8e-99f5-f1b1e0bde7c3", "isDeleted:":"true", "version":"1682628661448"}}
{"logTime": "0504/201810", "correlationVector":"lhJ+ypTYlhNxmpeIBeWszc.74","action":"GetUpdates", "result":"DeleteReceived", "context":{"id":"1b32e722-c487-42c7-baa6-ee16a6eec4a8", "isDeleted:":"true", "version":"1682628738247"}}
{"logTime": "0504/201810", "correlationVector":"lhJ+ypTYlhNxmpeIBeWszc.75","action":"GetUpdates", "result":"DeleteReceived", "context":{"id":"85a0a490-48ba-4e26-85bd-fc5e7e4c86d9", "isDeleted:":"true", "version":"1682629021295"}}
{"logTime": "0504/201810", "correlationVector":"lhJ+ypTYlhNxmpeIBeWszc.76","action":"GetUpdates", "result":"DeleteReceived", "context":{"id":"9ce02dc3-c7dd-483e-ae4e-36e0f07add98", "isDeleted:":"true", "version":"1682629021296"}}
{"logTime": "0504/201810", "correlationVector":"lhJ+ypTYlhNxmpeIBeWszc.77","action":"GetUpdates", "result":"DeleteReceived", "context":{"id":"4a428057-6853-4a7e-9bbf-b794749e2169", "isDeleted:":"true", "version":"1682629021297"}}
{"logTime": "0504/201810", "correlationVector":"lhJ+ypTYlhNxmpeIBeWszc.78","action":"GetUpdates", "result":"DeleteReceived", "context":{"id":"2ae76eef-ef7b-4e0b-bac0-e9ce3624d259", "isDeleted:":"true", "version":"1682708774876"}}
{"logTime": "0504/201810", "correlationVector":"lhJ+ypTYlhNxmpeIBeWszc.79","action":"GetUpdates", "result":"DeleteReceived", "context":{"id":"63938ca3-3af6-4281-86d2-dceab14d4b8f", "isDeleted:":"true", "version":"1682708881477"}}
{"logTime": "0504/201810", "correlationVector":"lhJ+ypTYlhNxmpeIBeWszc.80","action":"GetUpdates", "result":"DeleteReceived", "context":{"id":"a3e397d0-82c7-4522-8436-25dd0284c6dc", "isDeleted:":"true", "version":"1682798679545"}}
{"logTime": "0504/201810", "correlationVector":"lhJ+ypTYlhNxmpeIBeWszc.81","action":"GetUpdates", "result":"DeleteReceived", "context":{"id":"8bbd7f02-6138-4608-8d53-691a0d75466d", "isDeleted:":"true", "version":"1682798679546"}}
{"logTime": "0504/201810", "correlationVector":"lhJ+ypTYlhNxmpeIBeWszc.82","action":"GetUpdates", "result":"DeleteReceived", "context":{"id":"88d2b127-2c2d-4e9f-be9b-06ab9b63608d", "isDeleted:":"true", "version":"1682798679547"}}
{"logTime": "0504/201810", "correlationVector":"lhJ+ypTYlhNxmpeIBeWszc.83","action":"GetUpdates", "result":"DeleteReceived", "context":{"id":"5315691a-98b3-41dd-8b26-4a16238ce0cd", "isDeleted:":"true", "version":"1682951322002"}}
{"logTime": "0504/201810", "correlationVector":"lhJ+ypTYlhNxmpeIBeWszc.84","action":"GetUpdates", "result":"DeleteReceived", "context":{"id":"3f25f298-af13-4977-9ab8-079f4e7d20ae", "isDeleted:":"true", "version":"1682951426915"}}
{"logTime": "0504/201810", "correlationVector":"lhJ+ypTYlhNxmpeIBeWszc.85","action":"GetUpdates", "result":"DeleteReceived", "context":{"id":"33401573-7972-4a29-b82a-f9bd17711757", "isDeleted:":"true", "version":"1682951426918"}}
{"logTime": "0504/201810", "correlationVector":"lhJ+ypTYlhNxmpeIBeWszc.86","action":"GetUpdates", "result":"DeleteReceived", "context":{"id":"03c47f6b-409d-453f-a552-19796bedc91f", "isDeleted:":"true", "version":"1682951460227"}}
{"logTime": "0504/201810", "correlationVector":"lhJ+ypTYlhNxmpeIBeWszc.87","action":"GetUpdates", "result":"DeleteReceived", "context":{"id":"b939cafe-f93e-4e7c-8b05-88f79dff2e50", "isDeleted:":"true", "version":"1682951460228"}}
{"logTime": "0504/201810", "correlationVector":"lhJ+ypTYlhNxmpeIBeWszc.88","action":"GetUpdates", "result":"DeleteReceived", "context":{"id":"3f949422-e5ba-47ea-973a-15d06a990a6e", "isDeleted:":"true", "version":"1682951460229"}}
{"logTime": "0504/201810", "correlationVector":"lhJ+ypTYlhNxmpeIBeWszc.89","action":"GetUpdates", "result":"DeleteReceived", "context":{"id":"2a8e8715-ef4f-480f-b497-8888ee4b5e3a", "isDeleted:":"true", "version":"1682951460230"}}
{"logTime": "0504/201810", "correlationVector":"lhJ+ypTYlhNxmpeIBeWszc.90","action":"GetUpdates", "result":"DeleteReceived", "context":{"id":"7e72361e-7b9d-4dd7-975e-bac858b854c9", "isDeleted:":"true", "version":"1682951617418"}}
{"logTime": "0504/201810", "correlationVector":"lhJ+ypTYlhNxmpeIBeWszc.91","action":"GetUpdates Response", "result":"SERVER_MORE_TO_DOWNLOAD", "context":Received 250 update(s).  Some updates remain.}
{"logTime": "0504/201810", "correlationVector":"9EHzHMQ3gT7IZYNz5nKrBa","action":"Normal GetUpdate request", "result":"", "context":cV=9EHzHMQ3gT7IZYNz5nKrBa
Nudged types: Sessions, User Consents
Refresh requested types: Bookmarks, Preferences, Passwords, Autofill Profiles, Autofill, Autofill Custom Data, Typed URLs, Extensions, Sessions, Extension settings, History Delete Directives, Device Info, User Consents, Send Tab To Self, Web Apps, Collection, Edge E Drop, Encryption Keys}
{"logTime": "0504/201811", "correlationVector":"9EHzHMQ3gT7IZYNz5nKrBa.1","action":"SyncServerConnectionManagerRequest", "result":"SYNC_SERVER_OK", "context":{"environment":"Prod_SoutheastAsia_000j", "migrationStage":"NotStarted", "server":"GENERAL0100000K"}}
{"logTime": "0504/201811", "correlationVector":"9EHzHMQ3gT7IZYNz5nKrBa.2","action":"GetUpdates", "result":"DeleteReceived", "context":{"id":"bffbbbe4-04b6-41f5-80f1-73962c982bcf", "isDeleted:":"true", "version":"1682961348599"}}
{"logTime": "0504/201811", "correlationVector":"9EHzHMQ3gT7IZYNz5nKrBa.3","action":"GetUpdates", "result":"DeleteReceived", "context":{"id":"ad4059c2-e448-4a59-a76d-da13541d18c4", "isDeleted:":"true", "version":"1682961348600"}}
{"logTime": "0504/201811", "correlationVector":"9EHzHMQ3gT7IZYNz5nKrBa.4","action":"GetUpdates", "result":"DeleteReceived", "context":{"id":"355cf915-7b2d-41e9-a645-a894f980f987", "isDeleted:":"true", "version":"1682961348601"}}
{"logTime": "0504/201811", "correlationVector":"9EHzHMQ3gT7IZYNz5nKrBa.5","action":"GetUpdates", "result":"DeleteReceived", "context":{"id":"b9366195-29ee-4ff4-81d0-808ee7714968", "isDeleted:":"true", "version":"1682961061463"}}
{"logTime": "0504/201811", "correlationVector":"9EHzHMQ3gT7IZYNz5nKrBa.6","action":"GetUpdates", "result":"DeleteReceived", "context":{"id":"0a262601-a569-4ae8-8d18-8b8dd9c67056", "isDeleted:":"true", "version":"1682961061464"}}
{"logTime": "0504/201811", "correlationVector":"9EHzHMQ3gT7IZYNz5nKrBa.7","action":"GetUpdates", "result":"DeleteReceived", "context":{"id":"dd6eef66-2952-40db-8bf6-3a319fca8674", "isDeleted:":"true", "version":"1682961061466"}}
{"logTime": "0504/201811", "correlationVector":"9EHzHMQ3gT7IZYNz5nKrBa.8","action":"GetUpdates", "result":"DeleteReceived", "context":{"id":"1e3e78ae-71e0-4c91-8599-c9acae32808a", "isDeleted:":"true", "version":"1682961061467"}}
{"logTime": "0504/201811", "correlationVector":"9EHzHMQ3gT7IZYNz5nKrBa.9","action":"GetUpdates", "result":"DeleteReceived", "context":{"id":"7d035a87-7b56-4b66-8ba5-c326b0a6d383", "isDeleted:":"true", "version":"1682961061468"}}
{"logTime": "0504/201811", "correlationVector":"9EHzHMQ3gT7IZYNz5nKrBa.10","action":"GetUpdates", "result":"DeleteReceived", "context":{"id":"cc4e38b5-ad8b-4fdc-9ef5-2112a7f37f75", "isDeleted:":"true", "version":"1682961188151"}}
{"logTime": "0504/201811", "correlationVector":"9EHzHMQ3gT7IZYNz5nKrBa.11","action":"GetUpdates", "result":"DeleteReceived", "context":{"id":"15d7e836-4149-464d-9803-b2b35057ab67", "isDeleted:":"true", "version":"1682961348602"}}
{"logTime": "0504/201811", "correlationVector":"9EHzHMQ3gT7IZYNz5nKrBa.12","action":"GetUpdates", "result":"DeleteReceived", "context":{"id":"3f72b551-0f14-4ebd-b2b6-b795eb9abc9b", "isDeleted:":"true", "version":"1682961348603"}}
{"logTime": "0504/201811", "correlationVector":"9EHzHMQ3gT7IZYNz5nKrBa.13","action":"GetUpdates", "result":"DeleteReceived", "context":{"id":"74a3e2ae-f4cd-464e-b5c8-5803e878885b", "isDeleted:":"true", "version":"1682961348605"}}
{"logTime": "0504/201811", "correlationVector":"9EHzHMQ3gT7IZYNz5nKrBa.14","action":"GetUpdates", "result":"DeleteReceived", "context":{"id":"4ba2b32d-e8d9-40ec-9d65-cf92d125032c", "isDeleted:":"true", "version":"1682964217824"}}
{"logTime": "0504/201811", "correlationVector":"9EHzHMQ3gT7IZYNz5nKrBa.15","action":"GetUpdates", "result":"DeleteReceived", "context":{"id":"e8e7a10b-ad02-4c3c-8e21-418b0db86506", "isDeleted:":"true", "version":"1682964217826"}}
{"logTime": "0504/201811", "correlationVector":"9EHzHMQ3gT7IZYNz5nKrBa.16","action":"GetUpdates", "result":"DeleteReceived", "context":{"id":"b34a05c1-374c-49a7-955e-f76537ec4850", "isDeleted:":"true", "version":"1682964265958"}}
{"logTime": "0504/201811", "correlationVector":"9EHzHMQ3gT7IZYNz5nKrBa.17","action":"GetUpdates", "result":"DeleteReceived", "context":{"id":"3d62f59a-b5bd-4a54-92c1-330e1cd65706", "isDeleted:":"true", "version":"1682964265960"}}
{"logTime": "0504/201811", "correlationVector":"9EHzHMQ3gT7IZYNz5nKrBa.18","action":"GetUpdates", "result":"DeleteReceived", "context":{"id":"bbfb0f81-c127-4c25-96fe-ee1961a443d2", "isDeleted:":"true", "version":"1683008460188"}}
{"logTime": "0504/201811", "correlationVector":"9EHzHMQ3gT7IZYNz5nKrBa.19","action":"GetUpdates", "result":"DeleteReceived", "context":{"id":"95130922-b18e-42aa-8dca-b485f964ec5f", "isDeleted:":"true", "version":"1683008460189"}}
{"logTime": "0504/201811", "correlationVector":"9EHzHMQ3gT7IZYNz5nKrBa.20","action":"GetUpdates", "result":"DeleteReceived", "context":{"id":"bc3cec26-ddf7-42f9-90bf-ae4d57c2ce6d", "isDeleted:":"true", "version":"1683054793987"}}
{"logTime": "0504/201811", "correlationVector":"9EHzHMQ3gT7IZYNz5nKrBa.21","action":"GetUpdates", "result":"DeleteReceived", "context":{"id":"61f41ff6-a963-435a-9c40-71d4235fc23b", "isDeleted:":"true", "version":"1683055172480"}}
{"logTime": "0504/201811", "correlationVector":"9EHzHMQ3gT7IZYNz5nKrBa.22","action":"GetUpdates", "result":"DeleteReceived", "context":{"id":"27808565-5170-4316-b874-8e3dead944f0", "isDeleted:":"true", "version":"1683055172481"}}
{"logTime": "0504/201811", "correlationVector":"9EHzHMQ3gT7IZYNz5nKrBa.23","action":"GetUpdates", "result":"DeleteReceived", "context":{"id":"591bdc7d-dccb-49fe-ab92-6f76a3e3f475", "isDeleted:":"true", "version":"1683055172483"}}
{"logTime": "0504/201811", "correlationVector":"9EHzHMQ3gT7IZYNz5nKrBa.24","action":"GetUpdates Response", "result":"SYNCER_OK", "context":Received 34 update(s). cV=9EHzHMQ3gT7IZYNz5nKrBa.0;server=GENERAL0100000K;cloudType=Consumer;environment=Prod_SoutheastAsia_000j;migrationStage=NotStarted}
{"logTime": "0504/201811", "correlationVector":"BBFrYKM5ceN8D6eCh/cqYt","action":"Commit Request", "result":"", "context":Item count: 3
Contributing types: Sessions, User Consents}
{"logTime": "0504/201811", "correlationVector":"BBFrYKM5ceN8D6eCh/cqYt.1","action":"SyncServerConnectionManagerRequest", "result":"SYNC_SERVER_OK", "context":{"environment":"Prod_SoutheastAsia_000j", "migrationStage":"NotStarted", "server":"GENERAL0100000W"}}
{"logTime": "0504/201811", "correlationVector":"BBFrYKM5ceN8D6eCh/cqYt.2","action":"Commit Response", "result":"SYNCER_OK", "context":Result: SYNCER_OK. cV=BBFrYKM5ceN8D6eCh/cqYt.0;server=GENERAL0100000W;cloudType=Consumer;environment=Prod_SoutheastAsia_000j;migrationStage=NotStarted}
{"logTime": "0504/201841", "correlationVector":"cgF2xgGI7vw8abFZLFHdFN","action":"Commit Request", "result":"", "context":Item count: 1
Contributing types: Sessions}
{"logTime": "0504/201841", "correlationVector":"cgF2xgGI7vw8abFZLFHdFN.1","action":"SyncServerConnectionManagerRequest", "result":"SYNC_SERVER_OK", "context":{"environment":"Prod_SoutheastAsia_000j", "migrationStage":"NotStarted", "server":"GENERAL01000008"}}
{"logTime": "0504/201841", "correlationVector":"cgF2xgGI7vw8abFZLFHdFN.2","action":"Commit Response", "result":"SYNCER_OK", "context":Result: SYNCER_OK. cV=cgF2xgGI7vw8abFZLFHdFN.0;server=GENERAL01000008;cloudType=Consumer;environment=Prod_SoutheastAsia_000j;migrationStage=NotStarted}
{"logTime": "0504/201916", "correlationVector":"AJbnEudmT4FrKOiJhcnyfC","action":"Commit Request", "result":"", "context":Item count: 3
Contributing types: Sessions}
{"logTime": "0504/201920", "correlationVector":"AJbnEudmT4FrKOiJhcnyfC.1","action":"SyncServerConnectionManagerRequest", "result":"SYNC_SERVER_OK", "context":{"environment":"Prod_WestEurope_x00e", "migrationStage":"NotStarted", "server":"GENERAL0100002H"}}
{"logTime": "0504/201920", "correlationVector":"AJbnEudmT4FrKOiJhcnyfC.2","action":"Commit Response", "result":"SYNCER_OK", "context":Result: SYNCER_OK. cV=AJbnEudmT4FrKOiJhcnyfC.0;server=GENERAL0100002H;cloudType=Consumer;environment=Prod_WestEurope_x00e;migrationStage=NotStarted}
{"logTime": "0504/201945", "correlationVector":"rm4mcBswFEGeZgxrr9k7LP","action":"Commit Request", "result":"", "context":Item count: 1
Contributing types: Sessions}
{"logTime": "0504/201945", "correlationVector":"rm4mcBswFEGeZgxrr9k7LP.1","action":"SyncServerConnectionManagerRequest", "result":"SYNC_SERVER_OK", "context":{"environment":"Prod_WestEurope_x00e", "migrationStage":"NotStarted", "server":"GENERAL0100002J"}}
{"logTime": "0504/201945", "correlationVector":"rm4mcBswFEGeZgxrr9k7LP.2","action":"Commit Response", "result":"SYNCER_OK", "context":Result: SYNCER_OK. cV=rm4mcBswFEGeZgxrr9k7LP.0;server=GENERAL0100002J;cloudType=Consumer;environment=Prod_WestEurope_x00e;migrationStage=NotStarted}
{"logTime": "0504/201945", "correlationVector":"IUieUAAYzJekivdzvZ4Tx8","action":"Poll GetUpdate request", "result":"", "context":cV=IUieUAAYzJekivdzvZ4Tx8}
{"logTime": "0504/201946", "correlationVector":"IUieUAAYzJekivdzvZ4Tx8.1","action":"SyncServerConnectionManagerRequest", "result":"SYNC_SERVER_OK", "context":{"environment":"Prod_WestEurope_x00e", "migrationStage":"NotStarted", "server":"GENERAL0100001W"}}
{"logTime": "0504/201946", "correlationVector":"IUieUAAYzJekivdzvZ4Tx8.2","action":"GetUpdates Response", "result":"SYNCER_OK", "context":Received 3 update(s). cV=IUieUAAYzJekivdzvZ4Tx8.0;server=GENERAL0100001W;cloudType=Consumer;environment=Prod_WestEurope_x00e;migrationStage=NotStarted}
{"logTime": "0504/202055", "correlationVector":"ukQKmr8jWOf/dFUuyhuBnZ","action":"Commit Request", "result":"", "context":Item count: 1
Contributing types: Sessions}
{"logTime": "0504/202056", "correlationVector":"ukQKmr8jWOf/dFUuyhuBnZ.1","action":"SyncServerConnectionManagerRequest", "result":"SYNC_SERVER_OK", "context":{"environment":"Prod_WestEurope_x00e", "migrationStage":"NotStarted", "server":"GENERAL0100001N"}}
{"logTime": "0504/202056", "correlationVector":"ukQKmr8jWOf/dFUuyhuBnZ.2","action":"Commit Response", "result":"SYNCER_OK", "context":Result: SYNCER_OK. cV=ukQKmr8jWOf/dFUuyhuBnZ.0;server=GENERAL0100001N;cloudType=Consumer;environment=Prod_WestEurope_x00e;migrationStage=NotStarted}
{"logTime": "0504/202530", "correlationVector":"wYhsmVg7ssEv89WUnL9oRa","action":"Commit Request", "result":"", "context":Item count: 2
Contributing types: Sessions}
{"logTime": "0504/202532", "correlationVector":"wYhsmVg7ssEv89WUnL9oRa.1","action":"SyncServerConnectionManagerRequest", "result":"SYNC_SERVER_OK", "context":{"environment":"Prod_WestEurope_x00e", "migrationStage":"NotStarted", "server":"GENERAL0100002L"}}
{"logTime": "0504/202532", "correlationVector":"wYhsmVg7ssEv89WUnL9oRa.3","action":"Commit.Sessions", "result":"Success", "context":{"id":"e0ad2e56-ef85-4b92-91a8-83a2fd62e6d9", "isDeleted":"true", "size":"0", "version":"1683231655703"}}
{"logTime": "0504/202532", "correlationVector":"wYhsmVg7ssEv89WUnL9oRa.2","action":"Commit Response", "result":"SYNCER_OK", "context":Result: SYNCER_OK. cV=wYhsmVg7ssEv89WUnL9oRa.0;server=GENERAL0100002L;cloudType=Consumer;environment=Prod_WestEurope_x00e;migrationStage=NotStarted}
