00:00:00.000844 main     VirtualBox XPCOM Server 7.0.8 r156879 linux.amd64 (Apr 18 2023 21:36:31) release log
00:00:00.000846 main     Log opened 2023-05-05T04:47:38.307335000Z
00:00:00.000846 main     Build Type: release
00:00:00.000848 main     OS Product: Linux
00:00:00.000849 main     OS Release: 6.2.13-arch1-1
00:00:00.000850 main     OS Version: #1 SMP PREEMPT_DYNAMIC Wed, 26 Apr 2023 20:50:14 +0000
00:00:00.000867 main     DMI Product Name: System Product Name
00:00:00.000873 main     DMI Product Version: System Version
00:00:00.000880 main     Firmware type: UEFI
00:00:00.001467 main     Secure Boot: Disabled
00:00:00.001494 main     Host RAM: 48113MB (46.9GB) total, 46978MB (45.8GB) available
00:00:00.001496 main     Executable: /usr/lib/virtualbox/VBoxSVC
00:00:00.001496 main     Process ID: 2593
00:00:00.001496 main     Package type: LINUX_64BITS_GENERIC (OSE)
00:00:00.002646 main     IPC socket path: /tmp/.vbox-ronit-ipc/ipcd
00:00:00.111099 nspr-2   VirtualBox: object creation starts
00:00:00.111966 nspr-2   Home directory: '/home/ronit/.config/VirtualBox'
00:00:00.112307 nspr-2   Loading settings file "/home/ronit/.config/VirtualBox/VirtualBox.xml" with version "1.12-linux"
00:00:00.128762 nspr-2   NetIfAdpCtlOut: VBoxNetAdpCtl: Error while retrieving link status for wlan0: VBoxNetAdpCtl: ioctl failed: Operation not supported
00:00:00.129646 nspr-2   HostDnsMonitor: initializing
00:00:00.129860 nspr-2   NAT: resolv.conf: nameserver 127.0.0.53
00:00:00.129867 nspr-2   NAT: resolv.conf: ignoring "options edns0 trust-ad"
00:00:00.129872 nspr-2   HostDnsMonitor: updating information
00:00:00.129881 nspr-2   HostDnsMonitor: old information
00:00:00.129883 nspr-2     no server entries
00:00:00.129885 nspr-2     no domain set
00:00:00.129887 nspr-2     no search string entries
00:00:00.129889 nspr-2   HostDnsMonitor: new information
00:00:00.129891 nspr-2     server 1: 127.0.0.53
00:00:00.129893 nspr-2     domain: .
00:00:00.129895 nspr-2     search string 1: .
00:00:00.133075 nspr-2   VD: VDInit finished with VINF_SUCCESS
00:00:00.133474 nspr-2   ERROR [COM]: aRC=NS_ERROR_FAILURE (0x80004005) aIID={aac6c7cb-a371-4c58-ab51-0616896b2f2c} aComponent={SystemPropertiesWrap} aText={Cannot determine default Guest Additions ISO location. Most likely they are not available}, preserve=false aResultDetail=0
00:00:00.202934 nspr-2   Loading settings file "/mnt/extra_storage/Virtual_Box/windows10/windows10.vbox" with version "1.19-linux"
00:00:00.204995 nspr-2   VirtualBox: object created
00:00:00.794357 nspr-3   WARNING [COM]: aRC=NS_ERROR_FAILURE (0x80004005) aIID={e54f6256-97a7-4947-8a78-10c013ddf4b8} aComponent={HostWrap} aText={VirtualBox is not currently allowed to access USB devices.  You can change this by adding your user to the 'vboxusers' group.  Please see the user manual for a more detailed explanation}, preserve=true aResultDetail=0
00:00:00.795471 nspr-2   WARNING [COM]: aRC=NS_ERROR_FAILURE (0x80004005) aIID={e54f6256-97a7-4947-8a78-10c013ddf4b8} aComponent={HostWrap} aText={VirtualBox is not currently allowed to access USB devices.  You can change this by adding your user to the 'vboxusers' group.  Please see the user manual for a more detailed explanation}, preserve=false aResultDetail=0
00:00:00.829473 nspr-3   ERROR [COM]: aRC=VBOX_E_INVALID_VM_STATE (0x80bb0002) aIID={300763af-5d6b-46e6-aa96-273eac15538a} aComponent={MachineWrap} aText={The machine is not mutable (state is Aborted)}, preserve=false aResultDetail=0
00:00:00.958068 nspr-3   WARNING [COM]: aRC=NS_ERROR_FAILURE (0x80004005) aIID={e54f6256-97a7-4947-8a78-10c013ddf4b8} aComponent={HostWrap} aText={VirtualBox is not currently allowed to access USB devices.  You can change this by adding your user to the 'vboxusers' group.  Please see the user manual for a more detailed explanation}, preserve=true aResultDetail=0
00:00:00.959083 nspr-3   WARNING [COM]: aRC=NS_ERROR_FAILURE (0x80004005) aIID={e54f6256-97a7-4947-8a78-10c013ddf4b8} aComponent={HostWrap} aText={VirtualBox is not currently allowed to access USB devices.  You can change this by adding your user to the 'vboxusers' group.  Please see the user manual for a more detailed explanation}, preserve=true aResultDetail=0
00:00:05.305186 nspr-5   Launched VM: 2483034752 pid: 2641 (0xa51) frontend: GUI/Qt name: windows10
00:00:05.339253 nspr-5   ERROR [COM]: aRC=VBOX_E_INVALID_VM_STATE (0x80bb0002) aIID={300763af-5d6b-46e6-aa96-273eac15538a} aComponent={MachineWrap} aText={The machine is not mutable (state is Aborted)}, preserve=false aResultDetail=0
00:00:05.377223 nspr-5   WARNING [COM]: aRC=NS_ERROR_FAILURE (0x80004005) aIID={e54f6256-97a7-4947-8a78-10c013ddf4b8} aComponent={HostWrap} aText={VirtualBox is not currently allowed to access USB devices.  You can change this by adding your user to the 'vboxusers' group.  Please see the user manual for a more detailed explanation}, preserve=true aResultDetail=0
00:00:05.379041 nspr-5   WARNING [COM]: aRC=NS_ERROR_FAILURE (0x80004005) aIID={e54f6256-97a7-4947-8a78-10c013ddf4b8} aComponent={HostWrap} aText={VirtualBox is not currently allowed to access USB devices.  You can change this by adding your user to the 'vboxusers' group.  Please see the user manual for a more detailed explanation}, preserve=true aResultDetail=0
00:00:05.512258 nspr-6   ERROR [COM]: aRC=VBOX_E_INVALID_VM_STATE (0x80bb0002) aIID={300763af-5d6b-46e6-aa96-273eac15538a} aComponent={MachineWrap} aText={The machine is not mutable (state is Aborted)}, preserve=false aResultDetail=0
00:00:05.523293 nspr-6   WARNING [COM]: aRC=NS_ERROR_FAILURE (0x80004005) aIID={e54f6256-97a7-4947-8a78-10c013ddf4b8} aComponent={HostWrap} aText={VirtualBox is not currently allowed to access USB devices.  You can change this by adding your user to the 'vboxusers' group.  Please see the user manual for a more detailed explanation}, preserve=true aResultDetail=0
00:00:05.524103 nspr-6   WARNING [COM]: aRC=NS_ERROR_FAILURE (0x80004005) aIID={e54f6256-97a7-4947-8a78-10c013ddf4b8} aComponent={HostWrap} aText={VirtualBox is not currently allowed to access USB devices.  You can change this by adding your user to the 'vboxusers' group.  Please see the user manual for a more detailed explanation}, preserve=true aResultDetail=0
00:00:06.010041 nspr-7   WARNING [COM]: aRC=NS_ERROR_FAILURE (0x80004005) aIID={e54f6256-97a7-4947-8a78-10c013ddf4b8} aComponent={HostWrap} aText={VirtualBox is not currently allowed to access USB devices.  You can change this by adding your user to the 'vboxusers' group.  Please see the user manual for a more detailed explanation}, preserve=true aResultDetail=0
00:00:06.011106 nspr-4   WARNING [COM]: aRC=NS_ERROR_FAILURE (0x80004005) aIID={e54f6256-97a7-4947-8a78-10c013ddf4b8} aComponent={HostWrap} aText={VirtualBox is not currently allowed to access USB devices.  You can change this by adding your user to the 'vboxusers' group.  Please see the user manual for a more detailed explanation}, preserve=true aResultDetail=0
00:00:06.011498 nspr-4   ERROR [COM]: aRC=VBOX_E_OBJECT_NOT_FOUND (0x80bb0001) aIID={70401eef-c8e9-466b-9660-45cb3e9979e4} aComponent={ExtPackManagerWrap} aText={No extension pack by the name 'Oracle VM VirtualBox Extension Pack' was found}, preserve=false aResultDetail=0
00:00:06.813344 nspr-7   ERROR [COM]: aRC=VBOX_E_IPRT_ERROR (0x80bb0005) aIID={300763af-5d6b-46e6-aa96-273eac15538a} aComponent={SessionMachine} aText={Saved screenshot data is not available (VERR_NOT_SUPPORTED)}, preserve=false aResultDetail=-37
00:00:06.840627 nspr-2   NetIfAdpCtlOut: VBoxNetAdpCtl: Error while retrieving link status for wlan0: VBoxNetAdpCtl: ioctl failed: Operation not supported
00:00:06.844805 nspr-2   WARNING [COM]: aRC=NS_ERROR_FAILURE (0x80004005) aIID={e54f6256-97a7-4947-8a78-10c013ddf4b8} aComponent={HostWrap} aText={VirtualBox is not currently allowed to access USB devices.  You can change this by adding your user to the 'vboxusers' group.  Please see the user manual for a more detailed explanation}, preserve=false aResultDetail=0
00:00:06.845782 nspr-7   WARNING [COM]: aRC=NS_ERROR_FAILURE (0x80004005) aIID={e54f6256-97a7-4947-8a78-10c013ddf4b8} aComponent={HostWrap} aText={VirtualBox is not currently allowed to access USB devices.  You can change this by adding your user to the 'vboxusers' group.  Please see the user manual for a more detailed explanation}, preserve=true aResultDetail=0
00:00:06.845970 nspr-7   WARNING [COM]: aRC=NS_ERROR_FAILURE (0x80004005) aIID={e54f6256-97a7-4947-8a78-10c013ddf4b8} aComponent={HostWrap} aText={VirtualBox is not currently allowed to access USB devices.  You can change this by adding your user to the 'vboxusers' group.  Please see the user manual for a more detailed explanation}, preserve=true aResultDetail=0
00:00:06.941769 nspr-4   WARNING [COM]: aRC=NS_ERROR_FAILURE (0x80004005) aIID={e54f6256-97a7-4947-8a78-10c013ddf4b8} aComponent={HostWrap} aText={VirtualBox is not currently allowed to access USB devices.  You can change this by adding your user to the 'vboxusers' group.  Please see the user manual for a more detailed explanation}, preserve=true aResultDetail=0
00:00:06.951014 nspr-4   WARNING [COM]: aRC=NS_ERROR_FAILURE (0x80004005) aIID={e54f6256-97a7-4947-8a78-10c013ddf4b8} aComponent={HostWrap} aText={VirtualBox is not currently allowed to access USB devices.  You can change this by adding your user to the 'vboxusers' group.  Please see the user manual for a more detailed explanation}, preserve=true aResultDetail=0
00:00:06.967780 nspr-7   ERROR [COM]: aRC=VBOX_E_INVALID_VM_STATE (0x80bb0002) aIID={300763af-5d6b-46e6-aa96-273eac15538a} aComponent={MachineWrap} aText={The machine is not mutable (state is Starting)}, preserve=false aResultDetail=0
00:00:06.988283 nspr-7   WARNING [COM]: aRC=NS_ERROR_FAILURE (0x80004005) aIID={e54f6256-97a7-4947-8a78-10c013ddf4b8} aComponent={HostWrap} aText={VirtualBox is not currently allowed to access USB devices.  You can change this by adding your user to the 'vboxusers' group.  Please see the user manual for a more detailed explanation}, preserve=true aResultDetail=0
00:00:06.989358 nspr-7   WARNING [COM]: aRC=NS_ERROR_FAILURE (0x80004005) aIID={e54f6256-97a7-4947-8a78-10c013ddf4b8} aComponent={HostWrap} aText={VirtualBox is not currently allowed to access USB devices.  You can change this by adding your user to the 'vboxusers' group.  Please see the user manual for a more detailed explanation}, preserve=true aResultDetail=0
00:00:07.145816 nspr-4   ERROR [COM]: aRC=VBOX_E_OBJECT_NOT_FOUND (0x80bb0001) aIID={ad47ad09-787b-44ab-b343-a082a3f2dfb1} aComponent={MediumWrap} aText={Property 'CRYPT/KeyId' does not exist}, preserve=false aResultDetail=0
00:00:07.147241 nspr-4   ERROR [COM]: aRC=VBOX_E_OBJECT_NOT_FOUND (0x80bb0001) aIID={ad47ad09-787b-44ab-b343-a082a3f2dfb1} aComponent={MediumWrap} aText={Property 'CRYPT/KeyId' does not exist}, preserve=false aResultDetail=0
00:00:07.173427 nspr-2   WARNING [COM]: aRC=NS_ERROR_FAILURE (0x80004005) aIID={e54f6256-97a7-4947-8a78-10c013ddf4b8} aComponent={HostWrap} aText={VirtualBox is not currently allowed to access USB devices.  You can change this by adding your user to the 'vboxusers' group.  Please see the user manual for a more detailed explanation}, preserve=true aResultDetail=0
00:00:07.181665 nspr-2   ERROR [COM]: aRC=VBOX_E_INVALID_VM_STATE (0x80bb0002) aIID={300763af-5d6b-46e6-aa96-273eac15538a} aComponent={MachineWrap} aText={The machine is not mutable (state is Running)}, preserve=false aResultDetail=0
00:00:07.213276 nspr-2   WARNING [COM]: aRC=NS_ERROR_FAILURE (0x80004005) aIID={e54f6256-97a7-4947-8a78-10c013ddf4b8} aComponent={HostWrap} aText={VirtualBox is not currently allowed to access USB devices.  You can change this by adding your user to the 'vboxusers' group.  Please see the user manual for a more detailed explanation}, preserve=true aResultDetail=0
00:00:07.214324 nspr-6   WARNING [COM]: aRC=NS_ERROR_FAILURE (0x80004005) aIID={e54f6256-97a7-4947-8a78-10c013ddf4b8} aComponent={HostWrap} aText={VirtualBox is not currently allowed to access USB devices.  You can change this by adding your user to the 'vboxusers' group.  Please see the user manual for a more detailed explanation}, preserve=true aResultDetail=0
00:00:09.331194 nspr-7   Saving settings file "/home/ronit/.config/VirtualBox/VirtualBox.xml" with version "1.12-linux"
00:00:09.333586 nspr-7   Finished saving settings file "/home/ronit/.config/VirtualBox/VirtualBox.xml"
00:00:09.718173 nspr-8   Saving settings file "/home/ronit/.config/VirtualBox/VirtualBox.xml" with version "1.12-linux"
00:00:09.720253 nspr-8   Finished saving settings file "/home/ronit/.config/VirtualBox/VirtualBox.xml"
